2025-05-06 19:57:56 INFO     实验参数: {'batch_size': 128, 'hessian_batch_size': 128, 'mini_hessian_batch_size': 128, 'epochs': 2, 'lr': 0.001, 'r': 10, 'save_interval': 1, 'log_interval': 10, 'resume': './checkpoints/resnet20_cifar10.pkl', 'cifar10c_path': '../data/CIFAR-10-C', 'noise_type': 'gaussian_noise', 'corruption_level': 5, 'seed': 42, 'cuda': True, 'save_dir': './hessian_analysis', 'tensorboard_dir': './runs'}
2025-05-06 19:57:56 INFO     TensorBoard日志保存在: ./runs/gaussian_noise_level5_20250506-195756
2025-05-06 19:57:56 INFO     使用设备: cuda
2025-05-06 19:57:56 INFO     加载CIFAR10-C数据集: gaussian_noise, 级别: 5
2025-05-06 19:57:56 INFO     数据集大小: 10000
2025-05-06 19:57:57 INFO     加载预训练模型: ./checkpoints/resnet20_cifar10.pkl
2025-05-06 19:57:58 INFO     在微调前计算Hessian特征值和特征向量
2025-05-06 19:58:19 INFO     微调前的Top-10特征值: [4793.08837890625, 1952.9976806640625, 1550.9593505859375, 1256.0762939453125, 926.745361328125, 844.0242309570312, 729.6049194335938, 758.4486083984375, 592.5516357421875, -568.9444580078125]
2025-05-06 19:58:19 INFO     微调前的Trace: 20742.818725585938
2025-05-06 19:58:19 INFO     开始微调模型并收集Hessian信息
2025-05-06 19:58:19 INFO     Epoch: 1/2
2025-05-06 19:58:19 INFO     Train Epoch: 1 [0/79] Loss: 1.6956 Accuracy: 57.03%
2025-05-06 19:58:19 INFO     计算Batch 1的Hessian特征值和特征向量
2025-05-06 19:58:19 INFO     保存模型到: ./hessian_analysis/models/model_batch_1.pth
2025-05-06 19:58:35 INFO     Batch 1的Top-10特征值: [4596.697265625, 1881.30859375, 1489.8436279296875, 1090.0833740234375, 876.3896484375, 721.3648681640625, 608.1829833984375, 548.0352172851562, 550.918701171875, 521.8580932617188]
2025-05-06 19:58:35 INFO     Batch 1的Trace: 17950.32421875
2025-05-06 19:58:35 INFO     保存特征值和特征向量到: ./hessian_analysis/eigen_vectors/eigen_batch_1.npz
2025-05-06 19:58:35 INFO     --------------------------------
2025-05-06 19:58:35 INFO     计算Batch 2的Hessian特征值和特征向量
2025-05-06 19:58:35 INFO     保存模型到: ./hessian_analysis/models/model_batch_2.pth
2025-05-06 19:58:53 INFO     Batch 2的Top-10特征值: [5375.26318359375, 2491.6328125, 1458.3702392578125, 994.5553588867188, 971.5825805664062, 779.2538452148438, 690.2205200195312, 668.6759643554688, 603.329833984375, -552.9929809570312]
2025-05-06 19:58:53 INFO     Batch 2的Trace: 17472.057466947117
2025-05-06 19:58:53 INFO     保存特征值和特征向量到: ./hessian_analysis/eigen_vectors/eigen_batch_2.npz
2025-05-06 19:58:53 INFO     --------------------------------
2025-05-06 19:58:53 INFO     计算Batch 3的Hessian特征值和特征向量
2025-05-06 19:58:53 INFO     保存模型到: ./hessian_analysis/models/model_batch_3.pth
2025-05-06 19:59:10 INFO     Batch 3的Top-10特征值: [4533.42724609375, 4162.6416015625, 1580.1279296875, 1230.3162841796875, 1140.549072265625, 735.9296875, 680.5726318359375, 635.2427368164062, 567.9912719726562, 487.1405944824219]
2025-05-06 19:59:10 INFO     Batch 3的Trace: 25099.230368589742
2025-05-06 19:59:10 INFO     保存特征值和特征向量到: ./hessian_analysis/eigen_vectors/eigen_batch_3.npz
2025-05-06 19:59:10 INFO     --------------------------------
2025-05-06 19:59:10 INFO     计算Batch 4的Hessian特征值和特征向量
2025-05-06 19:59:10 INFO     保存模型到: ./hessian_analysis/models/model_batch_4.pth
2025-05-06 19:59:25 INFO     Batch 4的Top-10特征值: [2199.844482421875, 2382.660400390625, 1197.4180908203125, 858.9774169921875, 723.083251953125, 630.7049560546875, 549.5252075195312, 407.36810302734375, 367.44140625, 333.7156677246094]
2025-05-06 19:59:25 INFO     Batch 4的Trace: 13377.817584493885
2025-05-06 19:59:25 INFO     保存特征值和特征向量到: ./hessian_analysis/eigen_vectors/eigen_batch_4.npz
2025-05-06 19:59:25 INFO     --------------------------------
2025-05-06 19:59:25 INFO     计算Batch 5的Hessian特征值和特征向量
2025-05-06 19:59:25 INFO     保存模型到: ./hessian_analysis/models/model_batch_5.pth
2025-05-06 19:59:39 INFO     Batch 5的Top-10特征值: [2230.236572265625, 1153.7657470703125, 956.1123046875, 781.8930053710938, 528.3477172851562, 393.1585388183594, 353.7172546386719, 306.1867370605469, 250.15460205078125, 245.72897338867188]
2025-05-06 19:59:39 INFO     Batch 5的Trace: 9910.174166165865
2025-05-06 19:59:39 INFO     保存特征值和特征向量到: ./hessian_analysis/eigen_vectors/eigen_batch_5.npz
2025-05-06 19:59:39 INFO     --------------------------------
2025-05-06 19:59:39 INFO     计算Batch 6的Hessian特征值和特征向量
2025-05-06 19:59:39 INFO     保存模型到: ./hessian_analysis/models/model_batch_6.pth
2025-05-06 19:59:54 INFO     Batch 6的Top-10特征值: [1248.642822265625, 689.60791015625, 595.8759765625, 485.01983642578125, 309.80426025390625, 189.38104248046875, 149.4927978515625, 137.0824432373047, 126.35332489013672, 118.72647094726562]
2025-05-06 19:59:54 INFO     Batch 6的Trace: 5326.1708984375
2025-05-06 19:59:54 INFO     保存特征值和特征向量到: ./hessian_analysis/eigen_vectors/eigen_batch_6.npz
2025-05-06 19:59:54 INFO     --------------------------------
2025-05-06 19:59:54 INFO     计算Batch 7的Hessian特征值和特征向量
2025-05-06 19:59:54 INFO     保存模型到: ./hessian_analysis/models/model_batch_7.pth
2025-05-06 20:00:27 INFO     Batch 7的Top-10特征值: [732.7069091796875, 530.5098266601562, 425.05084228515625, 335.53717041015625, 222.36737060546875, 163.92324829101562, 119.82706451416016, -101.37545013427734, 99.73729705810547, -93.78887939453125]
2025-05-06 20:00:27 INFO     Batch 7的Trace: 2660.1836486816405
2025-05-06 20:00:27 INFO     保存特征值和特征向量到: ./hessian_analysis/eigen_vectors/eigen_batch_7.npz
2025-05-06 20:00:27 INFO     --------------------------------
2025-05-06 20:00:27 INFO     计算Batch 8的Hessian特征值和特征向量
2025-05-06 20:00:27 INFO     保存模型到: ./hessian_analysis/models/model_batch_8.pth
2025-05-06 20:00:44 INFO     Batch 8的Top-10特征值: [639.6693725585938, 276.3290100097656, 247.00897216796875, 150.7942352294922, 107.7982177734375, 79.63558197021484, 65.28321075439453, 55.284523010253906, -53.95915603637695, 50.90864944458008]
2025-05-06 20:00:44 INFO     Batch 8的Trace: 2474.188960148738
2025-05-06 20:00:44 INFO     保存特征值和特征向量到: ./hessian_analysis/eigen_vectors/eigen_batch_8.npz
2025-05-06 20:00:44 INFO     --------------------------------
2025-05-06 20:00:44 INFO     计算Batch 9的Hessian特征值和特征向量
2025-05-06 20:00:44 INFO     保存模型到: ./hessian_analysis/models/model_batch_9.pth
2025-05-06 20:01:02 INFO     Batch 9的Top-10特征值: [316.96478271484375, 93.57524871826172, 77.61331939697266, 65.0549545288086, 37.416202545166016, 30.75065040588379, 19.365375518798828, 18.63473129272461, 16.574321746826172, 15.376391410827637]
2025-05-06 20:01:02 INFO     Batch 9的Trace: 899.5053561817516
2025-05-06 20:01:02 INFO     保存特征值和特征向量到: ./hessian_analysis/eigen_vectors/eigen_batch_9.npz
2025-05-06 20:01:02 INFO     --------------------------------
2025-05-06 20:01:02 INFO     计算Batch 10的Hessian特征值和特征向量
2025-05-06 20:01:02 INFO     保存模型到: ./hessian_analysis/models/model_batch_10.pth
2025-05-06 20:01:27 INFO     Batch 10的Top-10特征值: [197.6314697265625, 63.29353713989258, 40.020713806152344, 32.415283203125, 23.822195053100586, 21.77888298034668, 14.44642448425293, 15.54997730255127, -14.652203559875488, -13.207287788391113]
2025-05-06 20:01:27 INFO     Batch 10的Trace: 600.5910348438081
2025-05-06 20:01:27 INFO     保存特征值和特征向量到: ./hessian_analysis/eigen_vectors/eigen_batch_10.npz
2025-05-06 20:01:27 INFO     --------------------------------
2025-05-06 20:01:27 INFO     Train Epoch: 1 [10/79] Loss: 2.2599 Accuracy: 14.84%
2025-05-06 20:01:27 INFO     计算Batch 11的Hessian特征值和特征向量
2025-05-06 20:01:27 INFO     保存模型到: ./hessian_analysis/models/model_batch_11.pth
2025-05-06 20:01:51 INFO     Batch 11的Top-10特征值: [508.96868896484375, 125.6255111694336, 81.41643524169922, 60.42176818847656, 39.10146713256836, 36.697296142578125, -28.248889923095703, 26.750633239746094, -24.404029846191406, 21.26700210571289]
2025-05-06 20:01:51 INFO     Batch 11的Trace: 1131.8932788085938
2025-05-06 20:01:51 INFO     保存特征值和特征向量到: ./hessian_analysis/eigen_vectors/eigen_batch_11.npz
2025-05-06 20:01:51 INFO     --------------------------------
2025-05-06 20:01:51 INFO     计算Batch 12的Hessian特征值和特征向量
2025-05-06 20:01:51 INFO     保存模型到: ./hessian_analysis/models/model_batch_12.pth
2025-05-06 20:02:14 INFO     Batch 12的Top-10特征值: [873.6351318359375, 191.81277465820312, 127.02629089355469, 74.72554016113281, 39.00502395629883, 33.006553649902344, 24.906787872314453, 23.21556282043457, -21.576330184936523, -12.09947395324707]
2025-05-06 20:02:14 INFO     Batch 12的Trace: 1293.9609850389618
2025-05-06 20:02:14 INFO     保存特征值和特征向量到: ./hessian_analysis/eigen_vectors/eigen_batch_12.npz
2025-05-06 20:02:14 INFO     --------------------------------
2025-05-06 20:02:14 INFO     计算Batch 13的Hessian特征值和特征向量
2025-05-06 20:02:14 INFO     保存模型到: ./hessian_analysis/models/model_batch_13.pth
2025-05-06 20:02:35 INFO     Batch 13的Top-10特征值: [298.21820068359375, 262.1719055175781, 96.29100799560547, 41.215816497802734, 32.03571701049805, 27.797639846801758, 20.440664291381836, 18.361818313598633, 17.00172233581543, -16.25075912475586]
2025-05-06 20:02:35 INFO     Batch 13的Trace: 853.944700043777
2025-05-06 20:02:36 INFO     保存特征值和特征向量到: ./hessian_analysis/eigen_vectors/eigen_batch_13.npz
2025-05-06 20:02:36 INFO     --------------------------------
2025-05-06 20:02:36 INFO     计算Batch 14的Hessian特征值和特征向量
2025-05-06 20:02:36 INFO     保存模型到: ./hessian_analysis/models/model_batch_14.pth
2025-05-06 20:03:06 INFO     Batch 14的Top-10特征值: [358.78912353515625, 304.7677917480469, 126.7723159790039, 58.1697883605957, 51.023380279541016, 40.83543014526367, -37.7333984375, 9.603761672973633, 30.889467239379883, -30.026391983032227]
2025-05-06 20:03:06 INFO     Batch 14的Trace: 1301.0575474330358
2025-05-06 20:03:06 INFO     保存特征值和特征向量到: ./hessian_analysis/eigen_vectors/eigen_batch_14.npz
2025-05-06 20:03:06 INFO     --------------------------------
2025-05-06 20:03:06 INFO     计算Batch 15的Hessian特征值和特征向量
2025-05-06 20:03:06 INFO     保存模型到: ./hessian_analysis/models/model_batch_15.pth
2025-05-06 20:03:31 INFO     Batch 15的Top-10特征值: [625.5364990234375, 333.2006530761719, 143.87083435058594, 61.90193176269531, 48.30331802368164, 30.787826538085938, 26.692981719970703, 24.387502670288086, -22.142650604248047, 18.307546615600586]
2025-05-06 20:03:31 INFO     Batch 15的Trace: 1406.2711873054504
2025-05-06 20:03:31 INFO     保存特征值和特征向量到: ./hessian_analysis/eigen_vectors/eigen_batch_15.npz
2025-05-06 20:03:31 INFO     --------------------------------
2025-05-06 20:03:31 INFO     计算Batch 16的Hessian特征值和特征向量
2025-05-06 20:03:31 INFO     保存模型到: ./hessian_analysis/models/model_batch_16.pth
2025-05-06 20:03:52 INFO     Batch 16的Top-10特征值: [1973.775390625, 338.4661865234375, 140.08444213867188, 99.91277313232422, 63.85932922363281, 43.664955139160156, 29.11284828186035, 24.23446273803711, 18.416555404663086, 20.689878463745117]
2025-05-06 20:03:52 INFO     Batch 16的Trace: 2230.6299783029863
2025-05-06 20:03:52 INFO     保存特征值和特征向量到: ./hessian_analysis/eigen_vectors/eigen_batch_16.npz
2025-05-06 20:03:52 INFO     --------------------------------
2025-05-06 20:03:52 INFO     计算Batch 17的Hessian特征值和特征向量
2025-05-06 20:03:52 INFO     保存模型到: ./hessian_analysis/models/model_batch_17.pth
2025-05-06 20:04:15 INFO     Batch 17的Top-10特征值: [2458.866943359375, 321.3166809082031, 134.7278594970703, 103.54286193847656, 93.35338592529297, 77.52655792236328, -72.02738952636719, 58.10301971435547, -68.90350341796875, 64.5301284790039]
2025-05-06 20:04:15 INFO     Batch 17的Trace: 3067.544744666885
2025-05-06 20:04:15 INFO     保存特征值和特征向量到: ./hessian_analysis/eigen_vectors/eigen_batch_17.npz
2025-05-06 20:04:15 INFO     --------------------------------
2025-05-06 20:04:15 INFO     计算Batch 18的Hessian特征值和特征向量
2025-05-06 20:04:15 INFO     保存模型到: ./hessian_analysis/models/model_batch_18.pth
2025-05-06 20:04:40 INFO     Batch 18的Top-10特征值: [216.96632385253906, 164.75616455078125, 34.99372482299805, 19.998882293701172, 21.19095230102539, -17.054508209228516, 15.94307804107666, 15.0945463180542, 14.080904960632324, -13.738348960876465]
2025-05-06 20:04:40 INFO     Batch 18的Trace: 428.69549828767776
2025-05-06 20:04:40 INFO     保存特征值和特征向量到: ./hessian_analysis/eigen_vectors/eigen_batch_18.npz
2025-05-06 20:04:40 INFO     --------------------------------
2025-05-06 20:04:40 INFO     计算Batch 19的Hessian特征值和特征向量
2025-05-06 20:04:40 INFO     保存模型到: ./hessian_analysis/models/model_batch_19.pth
2025-05-06 20:05:13 INFO     Batch 19的Top-10特征值: [312.50518798828125, 51.54354476928711, 31.654983520507812, 18.35355567932129, 17.448894500732422, 12.501890182495117, 7.0200910568237305, 11.046442031860352, -9.91003131866455, 7.661991119384766]
2025-05-06 20:05:13 INFO     Batch 19的Trace: 487.16779382767214
2025-05-06 20:05:13 INFO     保存特征值和特征向量到: ./hessian_analysis/eigen_vectors/eigen_batch_19.npz
2025-05-06 20:05:13 INFO     --------------------------------
2025-05-06 20:05:13 INFO     计算Batch 20的Hessian特征值和特征向量
2025-05-06 20:05:13 INFO     保存模型到: ./hessian_analysis/models/model_batch_20.pth
2025-05-06 20:05:43 INFO     Batch 20的Top-10特征值: [548.2785034179688, 66.13416290283203, 43.2825927734375, 32.581844329833984, 27.601909637451172, -19.32509422302246, -17.111133575439453, 17.451480865478516, 16.70796775817871, 16.40191650390625]
2025-05-06 20:05:43 INFO     Batch 20的Trace: 571.9388628872958
2025-05-06 20:05:43 INFO     保存特征值和特征向量到: ./hessian_analysis/eigen_vectors/eigen_batch_20.npz
2025-05-06 20:05:43 INFO     --------------------------------
2025-05-06 20:05:43 INFO     Train Epoch: 1 [20/79] Loss: 2.2829 Accuracy: 10.16%
2025-05-06 20:05:43 INFO     计算Batch 21的Hessian特征值和特征向量
2025-05-06 20:05:43 INFO     保存模型到: ./hessian_analysis/models/model_batch_21.pth
2025-05-06 20:05:59 INFO     Batch 21的Top-10特征值: [1025.8890380859375, 101.93118286132812, 75.95794677734375, 40.2132568359375, 35.99087142944336, 20.043291091918945, 18.12297821044922, 15.035770416259766, 13.611842155456543, 13.632570266723633]
2025-05-06 20:05:59 INFO     Batch 21的Trace: 1327.2500274853828
2025-05-06 20:05:59 INFO     保存特征值和特征向量到: ./hessian_analysis/eigen_vectors/eigen_batch_21.npz
2025-05-06 20:05:59 INFO     --------------------------------
2025-05-06 20:05:59 INFO     计算Batch 22的Hessian特征值和特征向量
2025-05-06 20:05:59 INFO     保存模型到: ./hessian_analysis/models/model_batch_22.pth
2025-05-06 20:06:33 INFO     Batch 22的Top-10特征值: [866.5922241210938, 137.97544860839844, 74.09796142578125, 57.901851654052734, 39.876426696777344, -12.646571159362793, -26.146713256835938, -23.81941795349121, 23.384063720703125, 18.200069427490234]
2025-05-06 20:06:33 INFO     Batch 22的Trace: 1302.8983353834885
2025-05-06 20:06:33 INFO     保存特征值和特征向量到: ./hessian_analysis/eigen_vectors/eigen_batch_22.npz
2025-05-06 20:06:33 INFO     --------------------------------
2025-05-06 20:06:33 INFO     计算Batch 23的Hessian特征值和特征向量
2025-05-06 20:06:33 INFO     保存模型到: ./hessian_analysis/models/model_batch_23.pth
2025-05-06 20:06:59 INFO     Batch 23的Top-10特征值: [623.0078735351562, 199.1531219482422, 72.14165496826172, 53.95878601074219, 21.743085861206055, 19.02933692932129, 16.826351165771484, 14.322595596313477, 13.483284950256348, -12.337576866149902]
2025-05-06 20:06:59 INFO     Batch 23的Trace: 1200.9341623942057
2025-05-06 20:06:59 INFO     保存特征值和特征向量到: ./hessian_analysis/eigen_vectors/eigen_batch_23.npz
2025-05-06 20:06:59 INFO     --------------------------------
2025-05-06 20:06:59 INFO     计算Batch 24的Hessian特征值和特征向量
2025-05-06 20:06:59 INFO     保存模型到: ./hessian_analysis/models/model_batch_24.pth
2025-05-06 20:07:17 INFO     Batch 24的Top-10特征值: [351.2362976074219, 188.69119262695312, 125.93523406982422, 56.26951217651367, 35.14726257324219, 27.915739059448242, 26.729366302490234, -24.62397575378418, 18.17250633239746, -23.19634246826172]
2025-05-06 20:07:17 INFO     Batch 24的Trace: 742.2138821283976
2025-05-06 20:07:17 INFO     保存特征值和特征向量到: ./hessian_analysis/eigen_vectors/eigen_batch_24.npz
2025-05-06 20:07:17 INFO     --------------------------------
2025-05-06 20:07:17 INFO     计算Batch 25的Hessian特征值和特征向量
2025-05-06 20:07:17 INFO     保存模型到: ./hessian_analysis/models/model_batch_25.pth
2025-05-06 20:07:51 INFO     Batch 25的Top-10特征值: [434.89013671875, 391.22705078125, 118.1698989868164, 60.434967041015625, 47.23073196411133, 42.69988250732422, -2.1753122806549072, -33.911624908447266, -31.020906448364258, 30.460641860961914]
2025-05-06 20:07:51 INFO     Batch 25的Trace: 1214.4860586686568
2025-05-06 20:07:51 INFO     保存特征值和特征向量到: ./hessian_analysis/eigen_vectors/eigen_batch_25.npz
2025-05-06 20:07:51 INFO     --------------------------------
2025-05-06 20:07:51 INFO     计算Batch 26的Hessian特征值和特征向量
2025-05-06 20:07:51 INFO     保存模型到: ./hessian_analysis/models/model_batch_26.pth
2025-05-06 20:08:18 INFO     Batch 26的Top-10特征值: [1259.7257080078125, 774.4131469726562, 118.58226013183594, 87.85542297363281, 72.3219223022461, 65.4184799194336, 65.37022399902344, -59.91781234741211, -52.58381652832031, 50.8166389465332]
2025-05-06 20:08:18 INFO     Batch 26的Trace: 3527.9553161621093
2025-05-06 20:08:18 INFO     保存特征值和特征向量到: ./hessian_analysis/eigen_vectors/eigen_batch_26.npz
2025-05-06 20:08:18 INFO     --------------------------------
2025-05-06 20:08:18 INFO     计算Batch 27的Hessian特征值和特征向量
2025-05-06 20:08:18 INFO     保存模型到: ./hessian_analysis/models/model_batch_27.pth
2025-05-06 20:08:44 INFO     Batch 27的Top-10特征值: [3395.593994140625, 1356.19384765625, 275.1630554199219, 93.89965057373047, 204.9114227294922, 161.33909606933594, -132.4752960205078, 135.50732421875, 101.07731628417969, 125.14729309082031]
2025-05-06 20:08:44 INFO     Batch 27的Trace: 4623.104371437659
2025-05-06 20:08:44 INFO     保存特征值和特征向量到: ./hessian_analysis/eigen_vectors/eigen_batch_27.npz
2025-05-06 20:08:44 INFO     --------------------------------
2025-05-06 20:08:44 INFO     计算Batch 28的Hessian特征值和特征向量
2025-05-06 20:08:44 INFO     保存模型到: ./hessian_analysis/models/model_batch_28.pth
2025-05-06 20:09:07 INFO     Batch 28的Top-10特征值: [309.7706604003906, 115.14044952392578, 78.42808532714844, 36.80793380737305, 30.515060424804688, -28.117525100708008, -24.475244522094727, 24.1673641204834, -23.275339126586914, 21.860496520996094]
2025-05-06 20:09:07 INFO     Batch 28的Trace: 620.6028738021851
2025-05-06 20:09:07 INFO     保存特征值和特征向量到: ./hessian_analysis/eigen_vectors/eigen_batch_28.npz
2025-05-06 20:09:07 INFO     --------------------------------
2025-05-06 20:09:07 INFO     计算Batch 29的Hessian特征值和特征向量
2025-05-06 20:09:07 INFO     保存模型到: ./hessian_analysis/models/model_batch_29.pth
2025-05-06 20:09:30 INFO     Batch 29的Top-10特征值: [195.39320373535156, 89.38035583496094, 34.524383544921875, 25.1406192779541, -21.580406188964844, 20.912220001220703, 18.504764556884766, -14.924017906188965, -14.092475891113281, 13.309086799621582]
2025-05-06 20:09:30 INFO     Batch 29的Trace: 319.77940222740176
2025-05-06 20:09:30 INFO     保存特征值和特征向量到: ./hessian_analysis/eigen_vectors/eigen_batch_29.npz
2025-05-06 20:09:30 INFO     --------------------------------
2025-05-06 20:09:30 INFO     计算Batch 30的Hessian特征值和特征向量
2025-05-06 20:09:30 INFO     保存模型到: ./hessian_analysis/models/model_batch_30.pth
2025-05-06 20:09:52 INFO     Batch 30的Top-10特征值: [324.7089538574219, 114.82010650634766, 42.244956970214844, 27.3753719329834, 21.284570693969727, -21.37445640563965, 20.90691566467285, -17.25361442565918, -15.231619834899902, 14.713321685791016]
2025-05-06 20:09:52 INFO     Batch 30的Trace: 499.9893858319237
2025-05-06 20:09:52 INFO     保存特征值和特征向量到: ./hessian_analysis/eigen_vectors/eigen_batch_30.npz
2025-05-06 20:09:52 INFO     --------------------------------
2025-05-06 20:09:52 INFO     Train Epoch: 1 [30/79] Loss: 2.2873 Accuracy: 9.38%
2025-05-06 20:09:52 INFO     计算Batch 31的Hessian特征值和特征向量
2025-05-06 20:09:52 INFO     保存模型到: ./hessian_analysis/models/model_batch_31.pth
2025-05-06 20:10:32 INFO     Batch 31的Top-10特征值: [524.4890747070312, 209.8243865966797, 97.46766662597656, 65.0773696899414, -51.74052047729492, 42.993370056152344, -37.897605895996094, 15.095831871032715, 33.56272888183594, -30.5064697265625]
2025-05-06 20:10:32 INFO     Batch 31的Trace: 786.3832720667124
2025-05-06 20:10:32 INFO     保存特征值和特征向量到: ./hessian_analysis/eigen_vectors/eigen_batch_31.npz
2025-05-06 20:10:32 INFO     --------------------------------
2025-05-06 20:10:32 INFO     计算Batch 32的Hessian特征值和特征向量
2025-05-06 20:10:32 INFO     保存模型到: ./hessian_analysis/models/model_batch_32.pth
2025-05-06 20:10:51 INFO     Batch 32的Top-10特征值: [696.7799682617188, 257.4206848144531, 111.14525604248047, 47.3828239440918, 36.02956008911133, 26.396644592285156, 25.3859920501709, -22.271305084228516, 19.604509353637695, 16.318204879760742]
2025-05-06 20:10:51 INFO     Batch 32的Trace: 1528.296140230619
2025-05-06 20:10:51 INFO     保存特征值和特征向量到: ./hessian_analysis/eigen_vectors/eigen_batch_32.npz
2025-05-06 20:10:51 INFO     --------------------------------
2025-05-06 20:10:51 INFO     计算Batch 33的Hessian特征值和特征向量
2025-05-06 20:10:51 INFO     保存模型到: ./hessian_analysis/models/model_batch_33.pth
2025-05-06 20:11:24 INFO     Batch 33的Top-10特征值: [751.8673095703125, 226.35604858398438, 132.46929931640625, 113.53175354003906, 67.44964599609375, 44.874046325683594, -41.31159210205078, 31.226154327392578, 36.447784423828125, 34.17727279663086]
2025-05-06 20:11:24 INFO     Batch 33的Trace: 1559.990189803274
2025-05-06 20:11:24 INFO     保存特征值和特征向量到: ./hessian_analysis/eigen_vectors/eigen_batch_33.npz
2025-05-06 20:11:24 INFO     --------------------------------
2025-05-06 20:11:24 INFO     计算Batch 34的Hessian特征值和特征向量
2025-05-06 20:11:24 INFO     保存模型到: ./hessian_analysis/models/model_batch_34.pth
2025-05-06 20:11:43 INFO     Batch 34的Top-10特征值: [635.3973388671875, 189.0374298095703, 122.65825653076172, 81.90225982666016, 55.067588806152344, 28.005971908569336, 47.326995849609375, 31.600116729736328, -29.266157150268555, 27.285245895385742]
2025-05-06 20:11:43 INFO     Batch 34的Trace: 1553.1766501978825
2025-05-06 20:11:43 INFO     保存特征值和特征向量到: ./hessian_analysis/eigen_vectors/eigen_batch_34.npz
2025-05-06 20:11:43 INFO     --------------------------------
2025-05-06 20:11:43 INFO     计算Batch 35的Hessian特征值和特征向量
2025-05-06 20:11:43 INFO     保存模型到: ./hessian_analysis/models/model_batch_35.pth
2025-05-06 20:12:12 INFO     Batch 35的Top-10特征值: [294.36956787109375, 227.98165893554688, 50.93685531616211, 32.94249725341797, 31.994224548339844, 26.847747802734375, -17.957508087158203, 20.98310089111328, -14.168972969055176, 17.72880744934082]
2025-05-06 20:12:12 INFO     Batch 35的Trace: 699.7625722682222
2025-05-06 20:12:12 INFO     保存特征值和特征向量到: ./hessian_analysis/eigen_vectors/eigen_batch_35.npz
2025-05-06 20:12:12 INFO     --------------------------------
2025-05-06 20:12:12 INFO     计算Batch 36的Hessian特征值和特征向量
2025-05-06 20:12:12 INFO     保存模型到: ./hessian_analysis/models/model_batch_36.pth
2025-05-06 20:12:42 INFO     Batch 36的Top-10特征值: [549.9666748046875, 212.4993896484375, 65.06473541259766, -36.693450927734375, 44.39299774169922, 37.04219055175781, -27.28326988220215, -28.841890335083008, 25.210493087768555, 27.444068908691406]
2025-05-06 20:12:42 INFO     Batch 36的Trace: 1160.7873888909817
2025-05-06 20:12:42 INFO     保存特征值和特征向量到: ./hessian_analysis/eigen_vectors/eigen_batch_36.npz
2025-05-06 20:12:42 INFO     --------------------------------
2025-05-06 20:12:42 INFO     计算Batch 37的Hessian特征值和特征向量
2025-05-06 20:12:42 INFO     保存模型到: ./hessian_analysis/models/model_batch_37.pth
2025-05-06 20:13:06 INFO     Batch 37的Top-10特征值: [854.7023315429688, 416.17303466796875, 103.19691467285156, 67.51531219482422, 53.57631301879883, 47.176700592041016, -45.230621337890625, 37.9566764831543, 33.60124969482422, -30.568716049194336]
2025-05-06 20:13:06 INFO     Batch 37的Trace: 1298.0211029052734
2025-05-06 20:13:06 INFO     保存特征值和特征向量到: ./hessian_analysis/eigen_vectors/eigen_batch_37.npz
2025-05-06 20:13:06 INFO     --------------------------------
2025-05-06 20:13:06 INFO     计算Batch 38的Hessian特征值和特征向量
2025-05-06 20:13:06 INFO     保存模型到: ./hessian_analysis/models/model_batch_38.pth
2025-05-06 20:13:28 INFO     Batch 38的Top-10特征值: [998.0255737304688, 726.3944091796875, 162.6213836669922, 117.41297149658203, 74.91222381591797, 57.202640533447266, 46.20336151123047, 36.97101593017578, -34.887489318847656, 33.76784896850586]
2025-05-06 20:13:28 INFO     Batch 38的Trace: 2201.599176976588
2025-05-06 20:13:28 INFO     保存特征值和特征向量到: ./hessian_analysis/eigen_vectors/eigen_batch_38.npz
2025-05-06 20:13:28 INFO     --------------------------------
2025-05-06 20:13:28 INFO     计算Batch 39的Hessian特征值和特征向量
2025-05-06 20:13:28 INFO     保存模型到: ./hessian_analysis/models/model_batch_39.pth
2025-05-06 20:13:49 INFO     Batch 39的Top-10特征值: [1387.036376953125, 544.469482421875, 277.1318664550781, 138.03363037109375, 62.715423583984375, 45.744937896728516, 49.24139404296875, 34.38116455078125, -33.52888488769531, 29.799612045288086]
2025-05-06 20:13:49 INFO     Batch 39的Trace: 2371.349564401727
2025-05-06 20:13:49 INFO     保存特征值和特征向量到: ./hessian_analysis/eigen_vectors/eigen_batch_39.npz
2025-05-06 20:13:49 INFO     --------------------------------
2025-05-06 20:13:49 INFO     计算Batch 40的Hessian特征值和特征向量
2025-05-06 20:13:49 INFO     保存模型到: ./hessian_analysis/models/model_batch_40.pth
2025-05-06 20:14:08 INFO     Batch 40的Top-10特征值: [1871.991943359375, 321.9621887207031, 262.0802917480469, 93.2771987915039, 62.40837860107422, 53.88363265991211, 44.76106643676758, 38.38452911376953, 31.954147338867188, 5.862700939178467]
2025-05-06 20:14:08 INFO     Batch 40的Trace: 2972.5679821777344
2025-05-06 20:14:08 INFO     保存特征值和特征向量到: ./hessian_analysis/eigen_vectors/eigen_batch_40.npz
2025-05-06 20:14:08 INFO     --------------------------------
2025-05-06 20:14:08 INFO     Train Epoch: 1 [40/79] Loss: 2.1751 Accuracy: 17.19%
2025-05-06 20:14:08 INFO     计算Batch 41的Hessian特征值和特征向量
2025-05-06 20:14:08 INFO     保存模型到: ./hessian_analysis/models/model_batch_41.pth
2025-05-06 20:14:24 INFO     Batch 41的Top-10特征值: [2369.638427734375, 369.3079528808594, 280.9042663574219, 124.62547302246094, 69.66529083251953, 60.604278564453125, 51.74876403808594, 51.52610778808594, 35.012908935546875, 32.45654296875]
2025-05-06 20:14:24 INFO     Batch 41的Trace: 3777.5465837445176
2025-05-06 20:14:24 INFO     保存特征值和特征向量到: ./hessian_analysis/eigen_vectors/eigen_batch_41.npz
2025-05-06 20:14:24 INFO     --------------------------------
2025-05-06 20:14:24 INFO     计算Batch 42的Hessian特征值和特征向量
2025-05-06 20:14:24 INFO     保存模型到: ./hessian_analysis/models/model_batch_42.pth
2025-05-06 20:14:44 INFO     Batch 42的Top-10特征值: [3111.8662109375, 435.9296875, 323.26727294921875, 165.0574493408203, 133.9125213623047, 96.64009857177734, 78.90216064453125, -66.9203872680664, 65.79818725585938, 60.501258850097656]
2025-05-06 20:14:44 INFO     Batch 42的Trace: 4619.493809486503
2025-05-06 20:14:44 INFO     保存特征值和特征向量到: ./hessian_analysis/eigen_vectors/eigen_batch_42.npz
2025-05-06 20:14:44 INFO     --------------------------------
2025-05-06 20:14:44 INFO     计算Batch 43的Hessian特征值和特征向量
2025-05-06 20:14:44 INFO     保存模型到: ./hessian_analysis/models/model_batch_43.pth
2025-05-06 20:15:14 INFO     Batch 43的Top-10特征值: [3079.978271484375, 485.63934326171875, 293.9822082519531, 160.0922393798828, 126.08780670166016, 102.36870574951172, -96.1355972290039, -96.24811553955078, 90.90906524658203, 84.73880767822266]
2025-05-06 20:15:14 INFO     Batch 43的Trace: 4277.596029940519
2025-05-06 20:15:14 INFO     保存特征值和特征向量到: ./hessian_analysis/eigen_vectors/eigen_batch_43.npz
2025-05-06 20:15:14 INFO     --------------------------------
2025-05-06 20:15:14 INFO     计算Batch 44的Hessian特征值和特征向量
2025-05-06 20:15:14 INFO     保存模型到: ./hessian_analysis/models/model_batch_44.pth
2025-05-06 20:15:30 INFO     Batch 44的Top-10特征值: [2999.29638671875, 605.5884399414062, 283.0558166503906, 161.78369140625, 97.5417709350586, 90.3783950805664, 69.49964904785156, 66.11712646484375, 53.973960876464844, 36.73841094970703]
2025-05-06 20:15:30 INFO     Batch 44的Trace: 4749.174714059541
2025-05-06 20:15:30 INFO     保存特征值和特征向量到: ./hessian_analysis/eigen_vectors/eigen_batch_44.npz
2025-05-06 20:15:30 INFO     --------------------------------
2025-05-06 20:15:30 INFO     计算Batch 45的Hessian特征值和特征向量
2025-05-06 20:15:30 INFO     保存模型到: ./hessian_analysis/models/model_batch_45.pth
2025-05-06 20:15:47 INFO     Batch 45的Top-10特征值: [2918.916259765625, 645.6886596679688, 279.50567626953125, 205.30467224121094, 149.87118530273438, -113.06670379638672, 102.05118560791016, 91.59362030029297, 79.60860443115234, 78.050048828125]
2025-05-06 20:15:47 INFO     Batch 45的Trace: 4101.956063406808
2025-05-06 20:15:47 INFO     保存特征值和特征向量到: ./hessian_analysis/eigen_vectors/eigen_batch_45.npz
2025-05-06 20:15:47 INFO     --------------------------------
2025-05-06 20:15:47 INFO     计算Batch 46的Hessian特征值和特征向量
2025-05-06 20:15:47 INFO     保存模型到: ./hessian_analysis/models/model_batch_46.pth
2025-05-06 20:16:12 INFO     Batch 46的Top-10特征值: [2669.375732421875, 694.0901489257812, 237.39712524414062, 172.57601928710938, 110.77562713623047, 86.44298553466797, 68.82242584228516, 58.622901916503906, 56.44502639770508, 16.740516662597656]
2025-05-06 20:16:12 INFO     Batch 46的Trace: 5476.293278694153
2025-05-06 20:16:13 INFO     保存特征值和特征向量到: ./hessian_analysis/eigen_vectors/eigen_batch_46.npz
2025-05-06 20:16:13 INFO     --------------------------------
2025-05-06 20:16:13 INFO     计算Batch 47的Hessian特征值和特征向量
2025-05-06 20:16:13 INFO     保存模型到: ./hessian_analysis/models/model_batch_47.pth
2025-05-06 20:16:30 INFO     Batch 47的Top-10特征值: [2495.38427734375, 731.4697265625, 281.5921325683594, 173.20050048828125, 142.7432098388672, 77.77505493164062, 67.51673126220703, 58.82548522949219, -54.85421371459961, 51.16728591918945]
2025-05-06 20:16:30 INFO     Batch 47的Trace: 5163.126790364583
2025-05-06 20:16:30 INFO     保存特征值和特征向量到: ./hessian_analysis/eigen_vectors/eigen_batch_47.npz
2025-05-06 20:16:30 INFO     --------------------------------
2025-05-06 20:16:30 INFO     计算Batch 48的Hessian特征值和特征向量
2025-05-06 20:16:30 INFO     保存模型到: ./hessian_analysis/models/model_batch_48.pth
2025-05-06 20:17:04 INFO     Batch 48的Top-10特征值: [2531.140625, 918.0030517578125, 451.3583679199219, 285.1069030761719, 202.9386749267578, -176.67477416992188, 149.613037109375, 113.78422546386719, -100.82997131347656, 99.81272888183594]
2025-05-06 20:17:04 INFO     Batch 48的Trace: 4893.052671432495
2025-05-06 20:17:04 INFO     保存特征值和特征向量到: ./hessian_analysis/eigen_vectors/eigen_batch_48.npz
2025-05-06 20:17:04 INFO     --------------------------------
2025-05-06 20:17:04 INFO     计算Batch 49的Hessian特征值和特征向量
2025-05-06 20:17:04 INFO     保存模型到: ./hessian_analysis/models/model_batch_49.pth
2025-05-06 20:17:28 INFO     Batch 49的Top-10特征值: [1956.75830078125, 444.24114990234375, 198.2119140625, 186.219482421875, 138.64710998535156, -116.07682037353516, -107.83786010742188, 97.82866668701172, 94.3515853881836, 84.36707305908203]
2025-05-06 20:17:28 INFO     Batch 49的Trace: 3346.2647421700613
2025-05-06 20:17:28 INFO     保存特征值和特征向量到: ./hessian_analysis/eigen_vectors/eigen_batch_49.npz
2025-05-06 20:17:28 INFO     --------------------------------
2025-05-06 20:17:28 INFO     计算Batch 50的Hessian特征值和特征向量
2025-05-06 20:17:28 INFO     保存模型到: ./hessian_analysis/models/model_batch_50.pth
2025-05-06 20:17:43 INFO     Batch 50的Top-10特征值: [1643.0224609375, 270.1182861328125, 187.00303649902344, 122.11027526855469, 119.57791900634766, 60.937156677246094, -58.513153076171875, 61.80455780029297, 57.89881896972656, -49.19965362548828]
2025-05-06 20:17:43 INFO     Batch 50的Trace: 2967.433509999133
2025-05-06 20:17:43 INFO     保存特征值和特征向量到: ./hessian_analysis/eigen_vectors/eigen_batch_50.npz
2025-05-06 20:17:43 INFO     --------------------------------
2025-05-06 20:17:43 INFO     Train Epoch: 1 [50/79] Loss: 2.0184 Accuracy: 21.88%
2025-05-06 20:17:43 INFO     计算Batch 51的Hessian特征值和特征向量
2025-05-06 20:17:43 INFO     保存模型到: ./hessian_analysis/models/model_batch_51.pth
2025-05-06 20:18:11 INFO     Batch 51的Top-10特征值: [1591.359619140625, 289.7749328613281, 225.36097717285156, 158.2403564453125, 102.76506805419922, -71.35697174072266, 70.79235076904297, 64.28785705566406, 50.9055061340332, -47.7802619934082]
2025-05-06 20:18:11 INFO     Batch 51的Trace: 2472.49190933978
2025-05-06 20:18:11 INFO     保存特征值和特征向量到: ./hessian_analysis/eigen_vectors/eigen_batch_51.npz
2025-05-06 20:18:11 INFO     --------------------------------
2025-05-06 20:18:11 INFO     计算Batch 52的Hessian特征值和特征向量
2025-05-06 20:18:11 INFO     保存模型到: ./hessian_analysis/models/model_batch_52.pth
2025-05-06 20:18:27 INFO     Batch 52的Top-10特征值: [1790.461181640625, 315.6239013671875, 193.00686645507812, 130.50506591796875, 93.51763153076172, 66.73075103759766, -56.699256896972656, 54.979530334472656, 46.8133659362793, 41.960323333740234]
2025-05-06 20:18:27 INFO     Batch 52的Trace: 2854.4929623074004
2025-05-06 20:18:27 INFO     保存特征值和特征向量到: ./hessian_analysis/eigen_vectors/eigen_batch_52.npz
2025-05-06 20:18:27 INFO     --------------------------------
2025-05-06 20:18:27 INFO     计算Batch 53的Hessian特征值和特征向量
2025-05-06 20:18:27 INFO     保存模型到: ./hessian_analysis/models/model_batch_53.pth
2025-05-06 20:18:42 INFO     Batch 53的Top-10特征值: [1721.3687744140625, 341.9601135253906, 189.67149353027344, 114.7843246459961, 100.15858459472656, -69.03363037109375, 68.49720764160156, 63.89390182495117, 58.2673454284668, 52.479679107666016]
2025-05-06 20:18:42 INFO     Batch 53的Trace: 2507.4914845057897
2025-05-06 20:18:42 INFO     保存特征值和特征向量到: ./hessian_analysis/eigen_vectors/eigen_batch_53.npz
2025-05-06 20:18:42 INFO     --------------------------------
2025-05-06 20:18:42 INFO     计算Batch 54的Hessian特征值和特征向量
2025-05-06 20:18:42 INFO     保存模型到: ./hessian_analysis/models/model_batch_54.pth
2025-05-06 20:19:07 INFO     Batch 54的Top-10特征值: [2373.368408203125, 493.85296630859375, 197.9832763671875, 155.13299560546875, 105.19876098632812, 78.02399444580078, 53.14780044555664, 46.58457565307617, 41.38544464111328, -40.03720474243164]
2025-05-06 20:19:07 INFO     Batch 54的Trace: 3278.989588470459
2025-05-06 20:19:07 INFO     保存特征值和特征向量到: ./hessian_analysis/eigen_vectors/eigen_batch_54.npz
2025-05-06 20:19:07 INFO     --------------------------------
2025-05-06 20:19:07 INFO     计算Batch 55的Hessian特征值和特征向量
2025-05-06 20:19:07 INFO     保存模型到: ./hessian_analysis/models/model_batch_55.pth
2025-05-06 20:19:28 INFO     Batch 55的Top-10特征值: [3795.73486328125, 1097.5157470703125, 333.41583251953125, -296.4100646972656, 278.5954284667969, 243.92388916015625, 173.94998168945312, 190.55201721191406, -182.9170379638672, -104.81407928466797]
2025-05-06 20:19:28 INFO     Batch 55的Trace: 2654.0556196732955
2025-05-06 20:19:28 INFO     保存特征值和特征向量到: ./hessian_analysis/eigen_vectors/eigen_batch_55.npz
2025-05-06 20:19:28 INFO     --------------------------------
2025-05-06 20:19:28 INFO     计算Batch 56的Hessian特征值和特征向量
2025-05-06 20:19:28 INFO     保存模型到: ./hessian_analysis/models/model_batch_56.pth
2025-05-06 20:19:49 INFO     Batch 56的Top-10特征值: [2691.497314453125, 716.2149047851562, 257.3186950683594, 169.7657470703125, 128.17666625976562, 98.16796112060547, 88.6609878540039, -77.0188217163086, 72.78543853759766, 70.38106536865234]
2025-05-06 20:19:49 INFO     Batch 56的Trace: 5124.718704548288
2025-05-06 20:19:49 INFO     保存特征值和特征向量到: ./hessian_analysis/eigen_vectors/eigen_batch_56.npz
2025-05-06 20:19:49 INFO     --------------------------------
2025-05-06 20:19:49 INFO     计算Batch 57的Hessian特征值和特征向量
2025-05-06 20:19:49 INFO     保存模型到: ./hessian_analysis/models/model_batch_57.pth
2025-05-06 20:20:16 INFO     Batch 57的Top-10特征值: [2488.373291015625, 461.8143005371094, 260.4578857421875, 159.04612731933594, 125.88770294189453, 94.00745391845703, -88.88832092285156, 85.12950897216797, -53.626834869384766, 75.32923889160156]
2025-05-06 20:20:16 INFO     Batch 57的Trace: 3428.6187828465513
2025-05-06 20:20:16 INFO     保存特征值和特征向量到: ./hessian_analysis/eigen_vectors/eigen_batch_57.npz
2025-05-06 20:20:16 INFO     --------------------------------
2025-05-06 20:20:16 INFO     计算Batch 58的Hessian特征值和特征向量
2025-05-06 20:20:16 INFO     保存模型到: ./hessian_analysis/models/model_batch_58.pth
2025-05-06 20:20:41 INFO     Batch 58的Top-10特征值: [2907.7548828125, 833.3609619140625, 261.19281005859375, 202.17823791503906, -177.23692321777344, 167.75868225097656, 154.56686401367188, -127.20271301269531, 127.1257553100586, -120.1533203125]
2025-05-06 20:20:41 INFO     Batch 58的Trace: 4662.492204284668
2025-05-06 20:20:41 INFO     保存特征值和特征向量到: ./hessian_analysis/eigen_vectors/eigen_batch_58.npz
2025-05-06 20:20:41 INFO     --------------------------------
2025-05-06 20:20:41 INFO     计算Batch 59的Hessian特征值和特征向量
2025-05-06 20:20:41 INFO     保存模型到: ./hessian_analysis/models/model_batch_59.pth
2025-05-06 20:21:09 INFO     Batch 59的Top-10特征值: [2002.107421875, 303.6885070800781, 190.72984313964844, 133.7251739501953, 84.85790252685547, 83.3941879272461, -71.59707641601562, -70.06742858886719, 68.1802749633789, 61.7624397277832]
2025-05-06 20:21:09 INFO     Batch 59的Trace: 2645.413185999944
2025-05-06 20:21:09 INFO     保存特征值和特征向量到: ./hessian_analysis/eigen_vectors/eigen_batch_59.npz
2025-05-06 20:21:09 INFO     --------------------------------
2025-05-06 20:21:09 INFO     计算Batch 60的Hessian特征值和特征向量
2025-05-06 20:21:09 INFO     保存模型到: ./hessian_analysis/models/model_batch_60.pth
2025-05-06 20:21:38 INFO     Batch 60的Top-10特征值: [1375.039794921875, 318.5887145996094, 193.69114685058594, 176.16830444335938, -157.73117065429688, -139.81971740722656, 124.95198822021484, 116.35772705078125, -109.88689422607422, 103.03418731689453]
2025-05-06 20:21:38 INFO     Batch 60的Trace: 2212.2055981445315
2025-05-06 20:21:38 INFO     保存特征值和特征向量到: ./hessian_analysis/eigen_vectors/eigen_batch_60.npz
2025-05-06 20:21:38 INFO     --------------------------------
2025-05-06 20:21:38 INFO     Train Epoch: 1 [60/79] Loss: 2.1331 Accuracy: 17.19%
2025-05-06 20:21:38 INFO     计算Batch 61的Hessian特征值和特征向量
2025-05-06 20:21:38 INFO     保存模型到: ./hessian_analysis/models/model_batch_61.pth
2025-05-06 20:21:55 INFO     Batch 61的Top-10特征值: [1441.246337890625, 311.30926513671875, 218.86932373046875, 126.47610473632812, 72.65949249267578, 58.7864990234375, 48.11456298828125, 48.01212692260742, 33.3355712890625, -31.14225959777832]
2025-05-06 20:21:55 INFO     Batch 61的Trace: 2237.9709428267047
2025-05-06 20:21:55 INFO     保存特征值和特征向量到: ./hessian_analysis/eigen_vectors/eigen_batch_61.npz
2025-05-06 20:21:55 INFO     --------------------------------
2025-05-06 20:21:55 INFO     计算Batch 62的Hessian特征值和特征向量
2025-05-06 20:21:55 INFO     保存模型到: ./hessian_analysis/models/model_batch_62.pth
2025-05-06 20:22:15 INFO     Batch 62的Top-10特征值: [1597.029052734375, 577.6707763671875, 202.97706604003906, 176.54330444335938, 139.09722900390625, 112.84774780273438, -107.19136810302734, -76.37338256835938, 82.75291442871094, 81.98816680908203]
2025-05-06 20:22:15 INFO     Batch 62的Trace: 3117.767107282366
2025-05-06 20:22:15 INFO     保存特征值和特征向量到: ./hessian_analysis/eigen_vectors/eigen_batch_62.npz
2025-05-06 20:22:15 INFO     --------------------------------
2025-05-06 20:22:15 INFO     计算Batch 63的Hessian特征值和特征向量
2025-05-06 20:22:15 INFO     保存模型到: ./hessian_analysis/models/model_batch_63.pth
2025-05-06 20:22:38 INFO     Batch 63的Top-10特征值: [1060.2047119140625, 358.7958068847656, 194.52659606933594, 139.70013427734375, 71.70947265625, 51.92521286010742, 51.428062438964844, 39.3221549987793, -36.383365631103516, 35.78417205810547]
2025-05-06 20:22:38 INFO     Batch 63的Trace: 2183.2305419921877
2025-05-06 20:22:38 INFO     保存特征值和特征向量到: ./hessian_analysis/eigen_vectors/eigen_batch_63.npz
2025-05-06 20:22:38 INFO     --------------------------------
2025-05-06 20:22:38 INFO     计算Batch 64的Hessian特征值和特征向量
2025-05-06 20:22:38 INFO     保存模型到: ./hessian_analysis/models/model_batch_64.pth
2025-05-06 20:23:07 INFO     Batch 64的Top-10特征值: [706.7061767578125, 192.1651611328125, 162.25491333007812, 94.20448303222656, 47.0141487121582, 35.226524353027344, 33.101261138916016, -34.26215362548828, 30.716354370117188, 30.898563385009766]
2025-05-06 20:23:07 INFO     Batch 64的Trace: 1593.8055447309446
2025-05-06 20:23:07 INFO     保存特征值和特征向量到: ./hessian_analysis/eigen_vectors/eigen_batch_64.npz
2025-05-06 20:23:07 INFO     --------------------------------
2025-05-06 20:23:07 INFO     计算Batch 65的Hessian特征值和特征向量
2025-05-06 20:23:07 INFO     保存模型到: ./hessian_analysis/models/model_batch_65.pth
2025-05-06 20:23:34 INFO     Batch 65的Top-10特征值: [620.3904418945312, 204.54832458496094, 114.96395874023438, 86.53795623779297, 37.451507568359375, -30.28826332092285, 31.484817504882812, 12.695503234863281, 27.741422653198242, 27.32194709777832]
2025-05-06 20:23:34 INFO     Batch 65的Trace: 1440.8110564382453
2025-05-06 20:23:34 INFO     保存特征值和特征向量到: ./hessian_analysis/eigen_vectors/eigen_batch_65.npz
2025-05-06 20:23:34 INFO     --------------------------------
2025-05-06 20:23:34 INFO     计算Batch 66的Hessian特征值和特征向量
2025-05-06 20:23:34 INFO     保存模型到: ./hessian_analysis/models/model_batch_66.pth
2025-05-06 20:23:56 INFO     Batch 66的Top-10特征值: [664.439208984375, 253.80189514160156, 157.3084259033203, 102.54820251464844, 49.012176513671875, 40.64771270751953, -36.87438201904297, 35.53106689453125, -33.449920654296875, 32.03118133544922]
2025-05-06 20:23:56 INFO     Batch 66的Trace: 1547.1778007713524
2025-05-06 20:23:56 INFO     保存特征值和特征向量到: ./hessian_analysis/eigen_vectors/eigen_batch_66.npz
2025-05-06 20:23:56 INFO     --------------------------------
2025-05-06 20:23:56 INFO     计算Batch 67的Hessian特征值和特征向量
2025-05-06 20:23:56 INFO     保存模型到: ./hessian_analysis/models/model_batch_67.pth
2025-05-06 20:24:12 INFO     Batch 67的Top-10特征值: [873.2974853515625, 332.83795166015625, 211.29493713378906, 114.88841247558594, 82.13919067382812, 38.40563201904297, 36.4483528137207, 30.7977237701416, 28.172142028808594, -24.15201759338379]
2025-05-06 20:24:12 INFO     Batch 67的Trace: 1997.3735478719075
2025-05-06 20:24:12 INFO     保存特征值和特征向量到: ./hessian_analysis/eigen_vectors/eigen_batch_67.npz
2025-05-06 20:24:12 INFO     --------------------------------
2025-05-06 20:24:12 INFO     计算Batch 68的Hessian特征值和特征向量
2025-05-06 20:24:12 INFO     保存模型到: ./hessian_analysis/models/model_batch_68.pth
2025-05-06 20:24:34 INFO     Batch 68的Top-10特征值: [1065.606689453125, 407.1615905761719, 257.1922912597656, 205.84617614746094, 126.68053436279297, 91.51058197021484, 71.53800201416016, -66.94145965576172, 62.38190841674805, 61.48300552368164]
2025-05-06 20:24:34 INFO     Batch 68的Trace: 2672.057445581143
2025-05-06 20:24:35 INFO     保存特征值和特征向量到: ./hessian_analysis/eigen_vectors/eigen_batch_68.npz
2025-05-06 20:24:35 INFO     --------------------------------
2025-05-06 20:24:35 INFO     计算Batch 69的Hessian特征值和特征向量
2025-05-06 20:24:35 INFO     保存模型到: ./hessian_analysis/models/model_batch_69.pth
2025-05-06 20:24:49 INFO     Batch 69的Top-10特征值: [1106.547607421875, 446.29412841796875, 234.0482940673828, 180.07749938964844, 100.04773712158203, 66.87484741210938, 43.939308166503906, 41.34025192260742, 36.846092224121094, -13.811912536621094]
2025-05-06 20:24:49 INFO     Batch 69的Trace: 1907.6470265107996
2025-05-06 20:24:49 INFO     保存特征值和特征向量到: ./hessian_analysis/eigen_vectors/eigen_batch_69.npz
2025-05-06 20:24:49 INFO     --------------------------------
2025-05-06 20:24:49 INFO     计算Batch 70的Hessian特征值和特征向量
2025-05-06 20:24:49 INFO     保存模型到: ./hessian_analysis/models/model_batch_70.pth
2025-05-06 20:25:05 INFO     Batch 70的Top-10特征值: [1249.3267822265625, 336.1974792480469, 263.6613464355469, 122.68023681640625, 79.9825439453125, 52.43996810913086, 47.336936950683594, 39.07929229736328, 30.847959518432617, 28.64895248413086]
2025-05-06 20:25:05 INFO     Batch 70的Trace: 2333.5981615851906
2025-05-06 20:25:06 INFO     保存特征值和特征向量到: ./hessian_analysis/eigen_vectors/eigen_batch_70.npz
2025-05-06 20:25:06 INFO     --------------------------------
2025-05-06 20:25:06 INFO     Train Epoch: 1 [70/79] Loss: 1.8803 Accuracy: 23.44%
2025-05-06 20:25:06 INFO     计算Batch 71的Hessian特征值和特征向量
2025-05-06 20:25:06 INFO     保存模型到: ./hessian_analysis/models/model_batch_71.pth
2025-05-06 20:25:31 INFO     Batch 71的Top-10特征值: [1199.93408203125, 302.3578796386719, 231.53021240234375, 125.4572982788086, 84.01499938964844, 69.4808578491211, 61.01927947998047, 53.17875289916992, 49.8843879699707, 16.370399475097656]
2025-05-06 20:25:31 INFO     Batch 71的Trace: 3153.3198797052555
2025-05-06 20:25:31 INFO     保存特征值和特征向量到: ./hessian_analysis/eigen_vectors/eigen_batch_71.npz
2025-05-06 20:25:31 INFO     --------------------------------
2025-05-06 20:25:32 INFO     计算Batch 72的Hessian特征值和特征向量
2025-05-06 20:25:32 INFO     保存模型到: ./hessian_analysis/models/model_batch_72.pth
2025-05-06 20:25:45 INFO     Batch 72的Top-10特征值: [1921.25390625, 476.95904541015625, 224.52047729492188, 104.47596740722656, 76.2903060913086, 78.74031066894531, 63.2321891784668, 49.0210075378418, 37.07387161254883, 41.207210540771484]
2025-05-06 20:25:45 INFO     Batch 72的Trace: 3817.1833119710286
2025-05-06 20:25:45 INFO     保存特征值和特征向量到: ./hessian_analysis/eigen_vectors/eigen_batch_72.npz
2025-05-06 20:25:45 INFO     --------------------------------
2025-05-06 20:25:45 INFO     计算Batch 73的Hessian特征值和特征向量
2025-05-06 20:25:45 INFO     保存模型到: ./hessian_analysis/models/model_batch_73.pth
2025-05-06 20:26:11 INFO     Batch 73的Top-10特征值: [2161.344482421875, 642.2454833984375, 238.72427368164062, 133.95384216308594, 120.97441864013672, 96.83795166015625, -74.68537902832031, 84.00306701660156, -78.89314270019531, 72.92342376708984]
2025-05-06 20:26:11 INFO     Batch 73的Trace: 3332.8317862374442
2025-05-06 20:26:11 INFO     保存特征值和特征向量到: ./hessian_analysis/eigen_vectors/eigen_batch_73.npz
2025-05-06 20:26:11 INFO     --------------------------------
2025-05-06 20:26:11 INFO     计算Batch 74的Hessian特征值和特征向量
2025-05-06 20:26:11 INFO     保存模型到: ./hessian_analysis/models/model_batch_74.pth
2025-05-06 20:26:23 INFO     Batch 74的Top-10特征值: [1914.4158935546875, 710.4407958984375, 253.28370666503906, 124.08414459228516, 112.71534729003906, 86.12432861328125, 73.1304931640625, 56.20559310913086, 50.506107330322266, 43.72853088378906]
2025-05-06 20:26:23 INFO     Batch 74的Trace: 3943.8551310221355
2025-05-06 20:26:23 INFO     保存特征值和特征向量到: ./hessian_analysis/eigen_vectors/eigen_batch_74.npz
2025-05-06 20:26:23 INFO     --------------------------------
2025-05-06 20:26:23 INFO     计算Batch 75的Hessian特征值和特征向量
2025-05-06 20:26:23 INFO     保存模型到: ./hessian_analysis/models/model_batch_75.pth
2025-05-06 20:26:40 INFO     Batch 75的Top-10特征值: [2060.755859375, 543.9780883789062, 251.62240600585938, 146.3260040283203, 101.99431610107422, 81.22956085205078, 71.22350311279297, 63.99228286743164, 63.2093505859375, 54.47575759887695]
2025-05-06 20:26:40 INFO     Batch 75的Trace: 3859.138838403019
2025-05-06 20:26:40 INFO     保存特征值和特征向量到: ./hessian_analysis/eigen_vectors/eigen_batch_75.npz
2025-05-06 20:26:40 INFO     --------------------------------
2025-05-06 20:26:40 INFO     计算Batch 76的Hessian特征值和特征向量
2025-05-06 20:26:40 INFO     保存模型到: ./hessian_analysis/models/model_batch_76.pth
2025-05-06 20:26:58 INFO     Batch 76的Top-10特征值: [1758.942626953125, 601.9987182617188, 217.65638732910156, 146.67991638183594, 100.82913970947266, 82.97209167480469, 62.928611755371094, 58.40779495239258, 54.48534393310547, 52.25374984741211]
2025-05-06 20:26:58 INFO     Batch 76的Trace: 3621.167933696025
2025-05-06 20:26:58 INFO     保存特征值和特征向量到: ./hessian_analysis/eigen_vectors/eigen_batch_76.npz
2025-05-06 20:26:58 INFO     --------------------------------
2025-05-06 20:26:58 INFO     计算Batch 77的Hessian特征值和特征向量
2025-05-06 20:26:58 INFO     保存模型到: ./hessian_analysis/models/model_batch_77.pth
2025-05-06 20:27:14 INFO     Batch 77的Top-10特征值: [2166.578369140625, 978.4285888671875, 209.90292358398438, 161.857421875, 101.21874237060547, 94.74150848388672, 73.04141235351562, 77.48489379882812, 65.92523956298828, 56.002296447753906]
2025-05-06 20:27:14 INFO     Batch 77的Trace: 4211.324475097656
2025-05-06 20:27:14 INFO     保存特征值和特征向量到: ./hessian_analysis/eigen_vectors/eigen_batch_77.npz
2025-05-06 20:27:14 INFO     --------------------------------
2025-05-06 20:27:14 INFO     计算Batch 78的Hessian特征值和特征向量
2025-05-06 20:27:14 INFO     保存模型到: ./hessian_analysis/models/model_batch_78.pth
2025-05-06 20:27:32 INFO     Batch 78的Top-10特征值: [1849.5184326171875, 944.7548217773438, 206.3298797607422, 127.73497009277344, 116.8028335571289, 88.48542022705078, 61.77988052368164, 52.914222717285156, 46.88076400756836, 43.04206085205078]
2025-05-06 20:27:32 INFO     Batch 78的Trace: 3801.3229816981725
2025-05-06 20:27:32 INFO     保存特征值和特征向量到: ./hessian_analysis/eigen_vectors/eigen_batch_78.npz
2025-05-06 20:27:32 INFO     --------------------------------
2025-05-06 20:27:32 INFO     计算Batch 79的Hessian特征值和特征向量
2025-05-06 20:27:32 INFO     保存模型到: ./hessian_analysis/models/model_batch_79.pth
2025-05-06 20:27:47 INFO     Batch 79的Top-10特征值: [1501.708740234375, 854.7051391601562, 196.5054168701172, 126.10543823242188, 115.3368911743164, 89.28680419921875, 66.79972839355469, 67.27348327636719, 57.65098190307617, 52.244388580322266]
2025-05-06 20:27:47 INFO     Batch 79的Trace: 4224.980756710737
2025-05-06 20:27:47 INFO     保存特征值和特征向量到: ./hessian_analysis/eigen_vectors/eigen_batch_79.npz
2025-05-06 20:27:47 INFO     --------------------------------
2025-05-06 20:27:47 INFO     Epoch 1 Average - Loss: 2.2710, Accuracy: 18.65%
2025-05-06 20:27:48 INFO     验证集 - Loss: 1.8385, Accuracy: 30.33%
2025-05-06 20:27:48 INFO     Epoch: 2/2
2025-05-06 20:27:48 INFO     Train Epoch: 2 [0/79] Loss: 1.5576 Accuracy: 56.25%
2025-05-06 20:27:48 INFO     计算Batch 80的Hessian特征值和特征向量
2025-05-06 20:27:48 INFO     保存模型到: ./hessian_analysis/models/model_batch_80.pth
2025-05-06 20:28:12 INFO     Batch 80的Top-10特征值: [1148.4659423828125, 878.0497436523438, 181.68995666503906, 140.05673217773438, 126.19921875, 96.30834197998047, 84.34632110595703, -66.71859741210938, 80.03723907470703, -74.55281829833984]
2025-05-06 20:28:12 INFO     Batch 80的Trace: 3346.117882327757
2025-05-06 20:28:12 INFO     保存特征值和特征向量到: ./hessian_analysis/eigen_vectors/eigen_batch_80.npz
2025-05-06 20:28:12 INFO     --------------------------------
2025-05-06 20:28:12 INFO     计算Batch 81的Hessian特征值和特征向量
2025-05-06 20:28:12 INFO     保存模型到: ./hessian_analysis/models/model_batch_81.pth
2025-05-06 20:28:32 INFO     Batch 81的Top-10特征值: [1084.9158935546875, 855.505615234375, 194.30545043945312, 134.6385955810547, 101.25028991699219, 79.31116485595703, 72.86116790771484, 68.70547485351562, 61.287689208984375, 56.896785736083984]
2025-05-06 20:28:32 INFO     Batch 81的Trace: 2310.798092749811
2025-05-06 20:28:32 INFO     保存特征值和特征向量到: ./hessian_analysis/eigen_vectors/eigen_batch_81.npz
2025-05-06 20:28:32 INFO     --------------------------------
2025-05-06 20:28:32 INFO     计算Batch 82的Hessian特征值和特征向量
2025-05-06 20:28:32 INFO     保存模型到: ./hessian_analysis/models/model_batch_82.pth
2025-05-06 20:28:42 INFO     Batch 82的Top-10特征值: [1297.3988037109375, 568.4957885742188, 148.106689453125, 118.20008087158203, 90.5624771118164, 63.3099250793457, 45.04262924194336, 41.08843994140625, 34.866886138916016, 36.123992919921875]
2025-05-06 20:28:42 INFO     Batch 82的Trace: 2970.62638092041
2025-05-06 20:28:42 INFO     保存特征值和特征向量到: ./hessian_analysis/eigen_vectors/eigen_batch_82.npz
2025-05-06 20:28:42 INFO     --------------------------------
2025-05-06 20:28:42 INFO     计算Batch 83的Hessian特征值和特征向量
2025-05-06 20:28:42 INFO     保存模型到: ./hessian_analysis/models/model_batch_83.pth
2025-05-06 20:29:00 INFO     Batch 83的Top-10特征值: [1363.720703125, 678.432861328125, 156.0630340576172, 130.60183715820312, 122.60073852539062, 93.03076934814453, -81.80562591552734, 80.39789581298828, 74.08143615722656, 73.50712585449219]
2025-05-06 20:29:00 INFO     Batch 83的Trace: 3174.2520438058036
2025-05-06 20:29:00 INFO     保存特征值和特征向量到: ./hessian_analysis/eigen_vectors/eigen_batch_83.npz
2025-05-06 20:29:00 INFO     --------------------------------
2025-05-06 20:29:00 INFO     计算Batch 84的Hessian特征值和特征向量
2025-05-06 20:29:00 INFO     保存模型到: ./hessian_analysis/models/model_batch_84.pth
2025-05-06 20:29:14 INFO     Batch 84的Top-10特征值: [1189.734619140625, 398.4361267089844, 145.00112915039062, 120.58820343017578, 76.21060180664062, 47.31986999511719, 42.876285552978516, 36.834632873535156, 33.86533737182617, 29.035808563232422]
2025-05-06 20:29:14 INFO     Batch 84的Trace: 2605.9626645174894
2025-05-06 20:29:14 INFO     保存特征值和特征向量到: ./hessian_analysis/eigen_vectors/eigen_batch_84.npz
2025-05-06 20:29:14 INFO     --------------------------------
2025-05-06 20:29:14 INFO     计算Batch 85的Hessian特征值和特征向量
2025-05-06 20:29:14 INFO     保存模型到: ./hessian_analysis/models/model_batch_85.pth
2025-05-06 20:29:37 INFO     Batch 85的Top-10特征值: [1055.5206298828125, 465.62982177734375, 183.4008026123047, 116.38771057128906, 82.14839172363281, 69.82877349853516, 54.34365463256836, 51.28567886352539, 49.353084564208984, -40.52107238769531]
2025-05-06 20:29:37 INFO     Batch 85的Trace: 2204.828035990397
2025-05-06 20:29:37 INFO     保存特征值和特征向量到: ./hessian_analysis/eigen_vectors/eigen_batch_85.npz
2025-05-06 20:29:37 INFO     --------------------------------
2025-05-06 20:29:37 INFO     计算Batch 86的Hessian特征值和特征向量
2025-05-06 20:29:37 INFO     保存模型到: ./hessian_analysis/models/model_batch_86.pth
2025-05-06 20:29:57 INFO     Batch 86的Top-10特征值: [1573.3729248046875, 690.1546630859375, 282.7425537109375, 165.61373901367188, 121.87256622314453, 96.81829833984375, 89.56873321533203, 78.40525817871094, 71.99615478515625, 65.54207611083984]
2025-05-06 20:29:57 INFO     Batch 86的Trace: 4081.410506399054
2025-05-06 20:29:57 INFO     保存特征值和特征向量到: ./hessian_analysis/eigen_vectors/eigen_batch_86.npz
2025-05-06 20:29:57 INFO     --------------------------------
2025-05-06 20:29:57 INFO     计算Batch 87的Hessian特征值和特征向量
2025-05-06 20:29:57 INFO     保存模型到: ./hessian_analysis/models/model_batch_87.pth
2025-05-06 20:30:08 INFO     Batch 87的Top-10特征值: [1462.3785400390625, 712.8958129882812, 364.92919921875, 173.74160766601562, 149.86695861816406, 115.16905975341797, 88.01444244384766, 76.3421401977539, 71.71727752685547, 65.85894012451172]
2025-05-06 20:30:08 INFO     Batch 87的Trace: 2437.26171875
2025-05-06 20:30:08 INFO     保存特征值和特征向量到: ./hessian_analysis/eigen_vectors/eigen_batch_87.npz
2025-05-06 20:30:08 INFO     --------------------------------
2025-05-06 20:30:08 INFO     计算Batch 88的Hessian特征值和特征向量
2025-05-06 20:30:08 INFO     保存模型到: ./hessian_analysis/models/model_batch_88.pth
2025-05-06 20:30:20 INFO     Batch 88的Top-10特征值: [1472.5457763671875, 635.6392211914062, 297.43609619140625, 159.39419555664062, 107.09834289550781, 93.43453979492188, 60.06785202026367, 55.190982818603516, 54.68647003173828, 47.157283782958984]
2025-05-06 20:30:20 INFO     Batch 88的Trace: 3731.1770833333335
2025-05-06 20:30:20 INFO     保存特征值和特征向量到: ./hessian_analysis/eigen_vectors/eigen_batch_88.npz
2025-05-06 20:30:20 INFO     --------------------------------
2025-05-06 20:30:20 INFO     计算Batch 89的Hessian特征值和特征向量
2025-05-06 20:30:20 INFO     保存模型到: ./hessian_analysis/models/model_batch_89.pth
2025-05-06 20:30:31 INFO     Batch 89的Top-10特征值: [1256.80712890625, 390.10736083984375, 172.93350219726562, 141.14968872070312, 97.21392822265625, 60.26789093017578, 52.291603088378906, 47.878875732421875, 43.0648078918457, 38.71706008911133]
2025-05-06 20:30:31 INFO     Batch 89的Trace: 2979.473467145647
2025-05-06 20:30:31 INFO     保存特征值和特征向量到: ./hessian_analysis/eigen_vectors/eigen_batch_89.npz
2025-05-06 20:30:31 INFO     --------------------------------
2025-05-06 20:30:31 INFO     Train Epoch: 2 [10/79] Loss: 1.7315 Accuracy: 28.91%
2025-05-06 20:30:31 INFO     计算Batch 90的Hessian特征值和特征向量
2025-05-06 20:30:31 INFO     保存模型到: ./hessian_analysis/models/model_batch_90.pth
2025-05-06 20:30:45 INFO     Batch 90的Top-10特征值: [1374.9658203125, 337.0837707519531, 168.1968536376953, 125.58566284179688, 78.40572357177734, 53.46950149536133, 48.621395111083984, 44.2401123046875, 38.848358154296875, 34.796443939208984]
2025-05-06 20:30:45 INFO     Batch 90的Trace: 3408.4957225710846
2025-05-06 20:30:45 INFO     保存特征值和特征向量到: ./hessian_analysis/eigen_vectors/eigen_batch_90.npz
2025-05-06 20:30:45 INFO     --------------------------------
2025-05-06 20:30:45 INFO     计算Batch 91的Hessian特征值和特征向量
2025-05-06 20:30:45 INFO     保存模型到: ./hessian_analysis/models/model_batch_91.pth
2025-05-06 20:31:03 INFO     Batch 91的Top-10特征值: [1511.5726318359375, 428.4938049316406, 185.79212951660156, 136.94146728515625, 83.78662872314453, 53.57014083862305, 49.887630462646484, 43.76680374145508, 41.944580078125, 37.66819763183594]
2025-05-06 20:31:03 INFO     Batch 91的Trace: 3114.6680924699112
2025-05-06 20:31:03 INFO     保存特征值和特征向量到: ./hessian_analysis/eigen_vectors/eigen_batch_91.npz
2025-05-06 20:31:03 INFO     --------------------------------
2025-05-06 20:31:03 INFO     计算Batch 92的Hessian特征值和特征向量
2025-05-06 20:31:03 INFO     保存模型到: ./hessian_analysis/models/model_batch_92.pth
2025-05-06 20:31:21 INFO     Batch 92的Top-10特征值: [1529.9708251953125, 534.0045776367188, 258.11151123046875, 141.91915893554688, 88.45808410644531, 76.24691772460938, 55.41686248779297, 49.651206970214844, 47.05247497558594, 44.47462844848633]
2025-05-06 20:31:21 INFO     Batch 92的Trace: 3187.9819132486978
2025-05-06 20:31:21 INFO     保存特征值和特征向量到: ./hessian_analysis/eigen_vectors/eigen_batch_92.npz
2025-05-06 20:31:21 INFO     --------------------------------
2025-05-06 20:31:21 INFO     计算Batch 93的Hessian特征值和特征向量
2025-05-06 20:31:21 INFO     保存模型到: ./hessian_analysis/models/model_batch_93.pth
2025-05-06 20:31:37 INFO     Batch 93的Top-10特征值: [1546.1575927734375, 742.740234375, 427.7333068847656, 197.9620819091797, 135.8994140625, 115.0924072265625, 94.6704330444336, 82.52452087402344, 77.31251525878906, 69.27013397216797]
2025-05-06 20:31:37 INFO     Batch 93的Trace: 3901.748766776843
2025-05-06 20:31:37 INFO     保存特征值和特征向量到: ./hessian_analysis/eigen_vectors/eigen_batch_93.npz
2025-05-06 20:31:37 INFO     --------------------------------
2025-05-06 20:31:37 INFO     计算Batch 94的Hessian特征值和特征向量
2025-05-06 20:31:37 INFO     保存模型到: ./hessian_analysis/models/model_batch_94.pth
2025-05-06 20:31:50 INFO     Batch 94的Top-10特征值: [2184.357421875, 1091.007568359375, 527.9992065429688, 262.4136657714844, 177.51467895507812, 147.1765899658203, 126.16864776611328, 105.9776382446289, 93.5478744506836, 99.42028045654297]
2025-05-06 20:31:50 INFO     Batch 94的Trace: 6017.19544728597
2025-05-06 20:31:50 INFO     保存特征值和特征向量到: ./hessian_analysis/eigen_vectors/eigen_batch_94.npz
2025-05-06 20:31:50 INFO     --------------------------------
2025-05-06 20:31:50 INFO     计算Batch 95的Hessian特征值和特征向量
2025-05-06 20:31:50 INFO     保存模型到: ./hessian_analysis/models/model_batch_95.pth
2025-05-06 20:32:07 INFO     Batch 95的Top-10特征值: [2004.709228515625, 746.1505737304688, 451.90472412109375, 160.05661010742188, 138.046630859375, 100.50117492675781, 92.09304809570312, 81.28697204589844, 66.77759552001953, 64.8458480834961]
2025-05-06 20:32:07 INFO     Batch 95的Trace: 5048.397092692057
2025-05-06 20:32:07 INFO     保存特征值和特征向量到: ./hessian_analysis/eigen_vectors/eigen_batch_95.npz
2025-05-06 20:32:07 INFO     --------------------------------
2025-05-06 20:32:07 INFO     计算Batch 96的Hessian特征值和特征向量
2025-05-06 20:32:07 INFO     保存模型到: ./hessian_analysis/models/model_batch_96.pth
2025-05-06 20:32:26 INFO     Batch 96的Top-10特征值: [1981.4522705078125, 705.1156616210938, 365.3070983886719, 120.46409606933594, 107.7770004272461, 99.55521392822266, 60.58074951171875, 62.552242279052734, 55.655738830566406, 51.136810302734375]
2025-05-06 20:32:26 INFO     Batch 96的Trace: 4370.514920552571
2025-05-06 20:32:26 INFO     保存特征值和特征向量到: ./hessian_analysis/eigen_vectors/eigen_batch_96.npz
2025-05-06 20:32:26 INFO     --------------------------------
2025-05-06 20:32:26 INFO     计算Batch 97的Hessian特征值和特征向量
2025-05-06 20:32:26 INFO     保存模型到: ./hessian_analysis/models/model_batch_97.pth
2025-05-06 20:32:40 INFO     Batch 97的Top-10特征值: [1829.4698486328125, 532.2461547851562, 240.390869140625, 105.9420394897461, 97.50381469726562, 93.55867767333984, 79.266357421875, 58.66755294799805, 59.51625442504883, 55.77801513671875]
2025-05-06 20:32:40 INFO     Batch 97的Trace: 3547.489059448242
2025-05-06 20:32:40 INFO     保存特征值和特征向量到: ./hessian_analysis/eigen_vectors/eigen_batch_97.npz
2025-05-06 20:32:40 INFO     --------------------------------
2025-05-06 20:32:40 INFO     计算Batch 98的Hessian特征值和特征向量
2025-05-06 20:32:40 INFO     保存模型到: ./hessian_analysis/models/model_batch_98.pth
2025-05-06 20:32:57 INFO     Batch 98的Top-10特征值: [1645.59619140625, 541.11279296875, 251.18141174316406, 102.40718841552734, 92.50931549072266, 71.07355499267578, 57.66071701049805, 48.60986328125, 44.67595291137695, 45.45724105834961]
2025-05-06 20:32:57 INFO     Batch 98的Trace: 3941.769684448242
2025-05-06 20:32:57 INFO     保存特征值和特征向量到: ./hessian_analysis/eigen_vectors/eigen_batch_98.npz
2025-05-06 20:32:57 INFO     --------------------------------
2025-05-06 20:32:57 INFO     计算Batch 99的Hessian特征值和特征向量
2025-05-06 20:32:57 INFO     保存模型到: ./hessian_analysis/models/model_batch_99.pth
2025-05-06 20:33:17 INFO     Batch 99的Top-10特征值: [2092.361572265625, 666.9073486328125, 329.1519470214844, 117.65882873535156, 109.467041015625, 90.614501953125, 85.64336395263672, 75.39093017578125, 68.804443359375, 64.22308349609375]
2025-05-06 20:33:17 INFO     Batch 99的Trace: 3967.8911250599645
2025-05-06 20:33:17 INFO     保存特征值和特征向量到: ./hessian_analysis/eigen_vectors/eigen_batch_99.npz
2025-05-06 20:33:17 INFO     --------------------------------
2025-05-06 20:33:17 INFO     Train Epoch: 2 [20/79] Loss: 1.5597 Accuracy: 43.75%
2025-05-06 20:33:17 INFO     计算Batch 100的Hessian特征值和特征向量
2025-05-06 20:33:17 INFO     保存模型到: ./hessian_analysis/models/model_batch_100.pth
2025-05-06 20:33:30 INFO     Batch 100的Top-10特征值: [1920.9588623046875, 869.5701904296875, 338.28863525390625, 129.7294158935547, 111.23634338378906, 93.88346862792969, 72.61329650878906, 53.44062423706055, 49.89839553833008, 47.212703704833984]
2025-05-06 20:33:30 INFO     Batch 100的Trace: 5772.592397054036
2025-05-06 20:33:30 INFO     保存特征值和特征向量到: ./hessian_analysis/eigen_vectors/eigen_batch_100.npz
2025-05-06 20:33:30 INFO     --------------------------------
2025-05-06 20:33:30 INFO     计算Batch 101的Hessian特征值和特征向量
2025-05-06 20:33:30 INFO     保存模型到: ./hessian_analysis/models/model_batch_101.pth
2025-05-06 20:33:43 INFO     Batch 101的Top-10特征值: [1630.3468017578125, 941.3075561523438, 290.8411865234375, 160.66036987304688, 116.01329040527344, 97.53335571289062, 91.90367889404297, 79.08268737792969, 82.42293548583984, 68.85781860351562]
2025-05-06 20:33:43 INFO     Batch 101的Trace: 4015.262394496373
2025-05-06 20:33:43 INFO     保存特征值和特征向量到: ./hessian_analysis/eigen_vectors/eigen_batch_101.npz
2025-05-06 20:33:43 INFO     --------------------------------
2025-05-06 20:33:43 INFO     计算Batch 102的Hessian特征值和特征向量
2025-05-06 20:33:43 INFO     保存模型到: ./hessian_analysis/models/model_batch_102.pth
2025-05-06 20:33:53 INFO     Batch 102的Top-10特征值: [1327.9403076171875, 881.92041015625, 210.00006103515625, 134.4351043701172, 142.8670196533203, 92.260498046875, 84.94965362548828, 74.38629150390625, 72.81278991699219, 60.23794937133789]
2025-05-06 20:33:53 INFO     Batch 102的Trace: 4440.357948996804
2025-05-06 20:33:53 INFO     保存特征值和特征向量到: ./hessian_analysis/eigen_vectors/eigen_batch_102.npz
2025-05-06 20:33:53 INFO     --------------------------------
2025-05-06 20:33:53 INFO     计算Batch 103的Hessian特征值和特征向量
2025-05-06 20:33:53 INFO     保存模型到: ./hessian_analysis/models/model_batch_103.pth
2025-05-06 20:34:06 INFO     Batch 103的Top-10特征值: [1292.2698974609375, 741.5558471679688, 283.9382629394531, 126.3731689453125, 97.1165542602539, 89.8455581665039, 62.97007369995117, 60.71034240722656, 53.71061325073242, 45.80301284790039]
2025-05-06 20:34:06 INFO     Batch 103的Trace: 4397.554007790305
2025-05-06 20:34:06 INFO     保存特征值和特征向量到: ./hessian_analysis/eigen_vectors/eigen_batch_103.npz
2025-05-06 20:34:06 INFO     --------------------------------
2025-05-06 20:34:06 INFO     计算Batch 104的Hessian特征值和特征向量
2025-05-06 20:34:06 INFO     保存模型到: ./hessian_analysis/models/model_batch_104.pth
2025-05-06 20:34:28 INFO     Batch 104的Top-10特征值: [1572.24560546875, 978.8206787109375, 447.5780944824219, 184.48101806640625, 136.13433837890625, 121.80203247070312, 108.83885192871094, 100.67786407470703, 98.35118865966797, -94.0758056640625]
2025-05-06 20:34:28 INFO     Batch 104的Trace: 5515.88969203404
2025-05-06 20:34:28 INFO     保存特征值和特征向量到: ./hessian_analysis/eigen_vectors/eigen_batch_104.npz
2025-05-06 20:34:28 INFO     --------------------------------
2025-05-06 20:34:28 INFO     计算Batch 105的Hessian特征值和特征向量
2025-05-06 20:34:28 INFO     保存模型到: ./hessian_analysis/models/model_batch_105.pth
2025-05-06 20:34:40 INFO     Batch 105的Top-10特征值: [1723.952392578125, 786.3138427734375, 392.1618347167969, 198.08358764648438, 153.9539337158203, 103.52455139160156, 101.3477554321289, 80.82769012451172, 78.77217864990234, 74.69646453857422]
2025-05-06 20:34:40 INFO     Batch 105的Trace: 4919.341695612127
2025-05-06 20:34:40 INFO     保存特征值和特征向量到: ./hessian_analysis/eigen_vectors/eigen_batch_105.npz
2025-05-06 20:34:40 INFO     --------------------------------
2025-05-06 20:34:40 INFO     计算Batch 106的Hessian特征值和特征向量
2025-05-06 20:34:40 INFO     保存模型到: ./hessian_analysis/models/model_batch_106.pth
2025-05-06 20:34:56 INFO     Batch 106的Top-10特征值: [1246.6190185546875, 478.6267395019531, 286.0335388183594, 171.39047241210938, 113.21196746826172, 96.83492279052734, 83.57892608642578, 77.0385513305664, 74.27293395996094, 61.88798141479492]
2025-05-06 20:34:56 INFO     Batch 106的Trace: 3310.5570556640623
2025-05-06 20:34:56 INFO     保存特征值和特征向量到: ./hessian_analysis/eigen_vectors/eigen_batch_106.npz
2025-05-06 20:34:56 INFO     --------------------------------
2025-05-06 20:34:56 INFO     计算Batch 107的Hessian特征值和特征向量
2025-05-06 20:34:56 INFO     保存模型到: ./hessian_analysis/models/model_batch_107.pth
2025-05-06 20:35:10 INFO     Batch 107的Top-10特征值: [1225.50390625, 528.9244384765625, 277.5918884277344, 223.32643127441406, 124.37064361572266, 114.39897155761719, 104.51194763183594, 101.8808822631836, 100.74331665039062, 81.7514419555664]
2025-05-06 20:35:10 INFO     Batch 107的Trace: 2944.1240234375
2025-05-06 20:35:10 INFO     保存特征值和特征向量到: ./hessian_analysis/eigen_vectors/eigen_batch_107.npz
2025-05-06 20:35:10 INFO     --------------------------------
2025-05-06 20:35:10 INFO     计算Batch 108的Hessian特征值和特征向量
2025-05-06 20:35:10 INFO     保存模型到: ./hessian_analysis/models/model_batch_108.pth
2025-05-06 20:35:22 INFO     Batch 108的Top-10特征值: [1142.9375, 738.2091064453125, 402.4219970703125, 288.1083984375, 182.5968780517578, 116.8579330444336, 82.3189697265625, 75.00177764892578, 73.43465423583984, 65.59319305419922]
2025-05-06 20:35:22 INFO     Batch 108的Trace: 3923.130520290799
2025-05-06 20:35:22 INFO     保存特征值和特征向量到: ./hessian_analysis/eigen_vectors/eigen_batch_108.npz
2025-05-06 20:35:22 INFO     --------------------------------
2025-05-06 20:35:22 INFO     计算Batch 109的Hessian特征值和特征向量
2025-05-06 20:35:22 INFO     保存模型到: ./hessian_analysis/models/model_batch_109.pth
2025-05-06 20:35:35 INFO     Batch 109的Top-10特征值: [1183.0179443359375, 744.8729858398438, 513.8599853515625, 348.96142578125, 212.0060577392578, 119.74928283691406, 115.93739318847656, 94.64998626708984, 84.52225494384766, 75.71613311767578]
2025-05-06 20:35:35 INFO     Batch 109的Trace: 4689.372452445652
2025-05-06 20:35:35 INFO     保存特征值和特征向量到: ./hessian_analysis/eigen_vectors/eigen_batch_109.npz
2025-05-06 20:35:35 INFO     --------------------------------
2025-05-06 20:35:35 INFO     Train Epoch: 2 [30/79] Loss: 1.6842 Accuracy: 36.72%
2025-05-06 20:35:35 INFO     计算Batch 110的Hessian特征值和特征向量
2025-05-06 20:35:35 INFO     保存模型到: ./hessian_analysis/models/model_batch_110.pth
2025-05-06 20:35:47 INFO     Batch 110的Top-10特征值: [1169.1600341796875, 802.7770385742188, 491.9770202636719, 317.85833740234375, 222.56683349609375, 94.41915130615234, 94.8148422241211, 87.16059112548828, 77.7380599975586, 67.7544937133789]
2025-05-06 20:35:47 INFO     Batch 110的Trace: 5011.978628976004
2025-05-06 20:35:47 INFO     保存特征值和特征向量到: ./hessian_analysis/eigen_vectors/eigen_batch_110.npz
2025-05-06 20:35:47 INFO     --------------------------------
2025-05-06 20:35:47 INFO     计算Batch 111的Hessian特征值和特征向量
2025-05-06 20:35:47 INFO     保存模型到: ./hessian_analysis/models/model_batch_111.pth
2025-05-06 20:36:01 INFO     Batch 111的Top-10特征值: [1186.8321533203125, 454.5389709472656, 302.20001220703125, 223.38876342773438, 144.74244689941406, 80.50672149658203, 67.384765625, 53.52791976928711, 51.614654541015625, 48.7081298828125]
2025-05-06 20:36:01 INFO     Batch 111的Trace: 3339.351068405878
2025-05-06 20:36:01 INFO     保存特征值和特征向量到: ./hessian_analysis/eigen_vectors/eigen_batch_111.npz
2025-05-06 20:36:01 INFO     --------------------------------
2025-05-06 20:36:01 INFO     计算Batch 112的Hessian特征值和特征向量
2025-05-06 20:36:01 INFO     保存模型到: ./hessian_analysis/models/model_batch_112.pth
2025-05-06 20:36:14 INFO     Batch 112的Top-10特征值: [1024.6505126953125, 428.0024108886719, 250.6210174560547, 225.8957977294922, 120.37516021728516, 84.593994140625, 75.47962951660156, 62.499568939208984, 55.142608642578125, 49.632041931152344]
2025-05-06 20:36:14 INFO     Batch 112的Trace: 3419.6002739800347
2025-05-06 20:36:14 INFO     保存特征值和特征向量到: ./hessian_analysis/eigen_vectors/eigen_batch_112.npz
2025-05-06 20:36:14 INFO     --------------------------------
2025-05-06 20:36:14 INFO     计算Batch 113的Hessian特征值和特征向量
2025-05-06 20:36:14 INFO     保存模型到: ./hessian_analysis/models/model_batch_113.pth
2025-05-06 20:36:35 INFO     Batch 113的Top-10特征值: [1070.15869140625, 359.2762756347656, 256.76806640625, 161.1503448486328, 114.14471435546875, 82.07601165771484, 72.40010833740234, 61.532344818115234, 50.23999786376953, 43.96095657348633]
2025-05-06 20:36:35 INFO     Batch 113的Trace: 2801.3344379943096
2025-05-06 20:36:35 INFO     保存特征值和特征向量到: ./hessian_analysis/eigen_vectors/eigen_batch_113.npz
2025-05-06 20:36:35 INFO     --------------------------------
2025-05-06 20:36:35 INFO     计算Batch 114的Hessian特征值和特征向量
2025-05-06 20:36:35 INFO     保存模型到: ./hessian_analysis/models/model_batch_114.pth
2025-05-06 20:36:50 INFO     Batch 114的Top-10特征值: [1270.6646728515625, 517.5739135742188, 362.5743103027344, 223.6181640625, 152.89707946777344, 101.67759704589844, 79.0451431274414, 81.98370361328125, 65.5040283203125, 60.1320915222168]
2025-05-06 20:36:50 INFO     Batch 114的Trace: 4355.279808782762
2025-05-06 20:36:50 INFO     保存特征值和特征向量到: ./hessian_analysis/eigen_vectors/eigen_batch_114.npz
2025-05-06 20:36:50 INFO     --------------------------------
2025-05-06 20:36:50 INFO     计算Batch 115的Hessian特征值和特征向量
2025-05-06 20:36:50 INFO     保存模型到: ./hessian_analysis/models/model_batch_115.pth
2025-05-06 20:37:03 INFO     Batch 115的Top-10特征值: [1323.620849609375, 601.97021484375, 392.567138671875, 269.090087890625, 168.59298706054688, 101.7989730834961, 78.69564819335938, 75.31710052490234, 66.32474517822266, 64.44718170166016]
2025-05-06 20:37:03 INFO     Batch 115的Trace: 4628.888662484976
2025-05-06 20:37:03 INFO     保存特征值和特征向量到: ./hessian_analysis/eigen_vectors/eigen_batch_115.npz
2025-05-06 20:37:03 INFO     --------------------------------
2025-05-06 20:37:03 INFO     计算Batch 116的Hessian特征值和特征向量
2025-05-06 20:37:03 INFO     保存模型到: ./hessian_analysis/models/model_batch_116.pth
2025-05-06 20:37:20 INFO     Batch 116的Top-10特征值: [1321.453369140625, 865.1670532226562, 436.5893859863281, 301.1873474121094, 175.8127899169922, 143.06167602539062, 106.5572738647461, 98.2149887084961, 93.19166564941406, 75.6004867553711]
2025-05-06 20:37:20 INFO     Batch 116的Trace: 5040.454717726934
2025-05-06 20:37:20 INFO     保存特征值和特征向量到: ./hessian_analysis/eigen_vectors/eigen_batch_116.npz
2025-05-06 20:37:20 INFO     --------------------------------
2025-05-06 20:37:20 INFO     计算Batch 117的Hessian特征值和特征向量
2025-05-06 20:37:20 INFO     保存模型到: ./hessian_analysis/models/model_batch_117.pth
2025-05-06 20:37:36 INFO     Batch 117的Top-10特征值: [1177.9774169921875, 838.7479858398438, 459.9561767578125, 365.6260681152344, 248.87452697753906, 167.48802185058594, 116.95242309570312, 108.2962417602539, 100.79926300048828, 82.79053497314453]
2025-05-06 20:37:36 INFO     Batch 117的Trace: 5101.490680401142
2025-05-06 20:37:36 INFO     保存特征值和特征向量到: ./hessian_analysis/eigen_vectors/eigen_batch_117.npz
2025-05-06 20:37:36 INFO     --------------------------------
2025-05-06 20:37:36 INFO     计算Batch 118的Hessian特征值和特征向量
2025-05-06 20:37:36 INFO     保存模型到: ./hessian_analysis/models/model_batch_118.pth
2025-05-06 20:37:49 INFO     Batch 118的Top-10特征值: [1253.451416015625, 527.17822265625, 430.71319580078125, 375.0105285644531, 245.84219360351562, 143.94708251953125, 103.86527252197266, 88.62743377685547, 82.67163848876953, 65.6224136352539]
2025-05-06 20:37:49 INFO     Batch 118的Trace: 4850.18217198989
2025-05-06 20:37:49 INFO     保存特征值和特征向量到: ./hessian_analysis/eigen_vectors/eigen_batch_118.npz
2025-05-06 20:37:49 INFO     --------------------------------
2025-05-06 20:37:49 INFO     计算Batch 119的Hessian特征值和特征向量
2025-05-06 20:37:49 INFO     保存模型到: ./hessian_analysis/models/model_batch_119.pth
2025-05-06 20:38:00 INFO     Batch 119的Top-10特征值: [1310.06005859375, 633.5942993164062, 475.058349609375, 402.76861572265625, 303.5628662109375, 136.99868774414062, 108.70441436767578, 89.42362213134766, 78.529541015625, 64.1371841430664]
2025-05-06 20:38:00 INFO     Batch 119的Trace: 5176.513634314904
2025-05-06 20:38:00 INFO     保存特征值和特征向量到: ./hessian_analysis/eigen_vectors/eigen_batch_119.npz
2025-05-06 20:38:00 INFO     --------------------------------
2025-05-06 20:38:00 INFO     Train Epoch: 2 [40/79] Loss: 1.4785 Accuracy: 48.44%
2025-05-06 20:38:00 INFO     计算Batch 120的Hessian特征值和特征向量
2025-05-06 20:38:00 INFO     保存模型到: ./hessian_analysis/models/model_batch_120.pth
2025-05-06 20:38:12 INFO     Batch 120的Top-10特征值: [1156.8280029296875, 721.81298828125, 453.0120544433594, 328.29302978515625, 263.2247009277344, 114.67427825927734, 108.68405151367188, 91.93279266357422, 70.52238464355469, 67.20423126220703]
2025-05-06 20:38:12 INFO     Batch 120的Trace: 5020.176036834717
2025-05-06 20:38:12 INFO     保存特征值和特征向量到: ./hessian_analysis/eigen_vectors/eigen_batch_120.npz
2025-05-06 20:38:12 INFO     --------------------------------
2025-05-06 20:38:12 INFO     计算Batch 121的Hessian特征值和特征向量
2025-05-06 20:38:12 INFO     保存模型到: ./hessian_analysis/models/model_batch_121.pth
2025-05-06 20:38:25 INFO     Batch 121的Top-10特征值: [1121.705810546875, 644.8187866210938, 382.542724609375, 279.2635192871094, 254.38983154296875, 139.34011840820312, 119.63510131835938, 105.53215789794922, 83.27128601074219, 74.00581359863281]
2025-05-06 20:38:25 INFO     Batch 121的Trace: 4464.681422183388
2025-05-06 20:38:25 INFO     保存特征值和特征向量到: ./hessian_analysis/eigen_vectors/eigen_batch_121.npz
2025-05-06 20:38:25 INFO     --------------------------------
2025-05-06 20:38:25 INFO     计算Batch 122的Hessian特征值和特征向量
2025-05-06 20:38:25 INFO     保存模型到: ./hessian_analysis/models/model_batch_122.pth
2025-05-06 20:38:38 INFO     Batch 122的Top-10特征值: [1041.87646484375, 644.4675903320312, 432.09088134765625, 344.1626892089844, 232.92295837402344, 132.1400604248047, 114.78959655761719, 96.47885131835938, 75.72682189941406, 72.37625885009766]
2025-05-06 20:38:38 INFO     Batch 122的Trace: 4721.190823462702
2025-05-06 20:38:38 INFO     保存特征值和特征向量到: ./hessian_analysis/eigen_vectors/eigen_batch_122.npz
2025-05-06 20:38:38 INFO     --------------------------------
2025-05-06 20:38:38 INFO     计算Batch 123的Hessian特征值和特征向量
2025-05-06 20:38:38 INFO     保存模型到: ./hessian_analysis/models/model_batch_123.pth
2025-05-06 20:38:48 INFO     Batch 123的Top-10特征值: [1278.9749755859375, 687.0841674804688, 450.6810302734375, 350.7145690917969, 266.836669921875, 134.45643615722656, 139.65072631835938, 101.51470947265625, 83.44384765625, 61.960975646972656]
2025-05-06 20:38:48 INFO     Batch 123的Trace: 5602.556648500504
2025-05-06 20:38:48 INFO     保存特征值和特征向量到: ./hessian_analysis/eigen_vectors/eigen_batch_123.npz
2025-05-06 20:38:48 INFO     --------------------------------
2025-05-06 20:38:48 INFO     计算Batch 124的Hessian特征值和特征向量
2025-05-06 20:38:48 INFO     保存模型到: ./hessian_analysis/models/model_batch_124.pth
2025-05-06 20:39:00 INFO     Batch 124的Top-10特征值: [1244.2486572265625, 768.6419067382812, 517.89990234375, 365.65069580078125, 223.20968627929688, 177.17333984375, 170.02740478515625, 140.3258819580078, 99.44129180908203, 80.35057067871094]
2025-05-06 20:39:00 INFO     Batch 124的Trace: 5877.739735243055
2025-05-06 20:39:00 INFO     保存特征值和特征向量到: ./hessian_analysis/eigen_vectors/eigen_batch_124.npz
2025-05-06 20:39:00 INFO     --------------------------------
2025-05-06 20:39:00 INFO     计算Batch 125的Hessian特征值和特征向量
2025-05-06 20:39:00 INFO     保存模型到: ./hessian_analysis/models/model_batch_125.pth
2025-05-06 20:39:11 INFO     Batch 125的Top-10特征值: [833.3616333007812, 652.8798217773438, 403.54925537109375, 260.6025390625, 196.4435577392578, 179.112548828125, 145.5381317138672, 112.22955322265625, 86.0816650390625, 80.56495666503906]
2025-05-06 20:39:11 INFO     Batch 125的Trace: 5404.8105875651045
2025-05-06 20:39:11 INFO     保存特征值和特征向量到: ./hessian_analysis/eigen_vectors/eigen_batch_125.npz
2025-05-06 20:39:11 INFO     --------------------------------
2025-05-06 20:39:11 INFO     计算Batch 126的Hessian特征值和特征向量
2025-05-06 20:39:11 INFO     保存模型到: ./hessian_analysis/models/model_batch_126.pth
2025-05-06 20:39:24 INFO     Batch 126的Top-10特征值: [1189.3629150390625, 659.7080078125, 475.0303955078125, 377.9905090332031, 201.50738525390625, 164.16543579101562, 146.98696899414062, 112.71651458740234, 119.46077728271484, 77.50366973876953]
2025-05-06 20:39:24 INFO     Batch 126的Trace: 6222.2225149054275
2025-05-06 20:39:24 INFO     保存特征值和特征向量到: ./hessian_analysis/eigen_vectors/eigen_batch_126.npz
2025-05-06 20:39:24 INFO     --------------------------------
2025-05-06 20:39:24 INFO     计算Batch 127的Hessian特征值和特征向量
2025-05-06 20:39:24 INFO     保存模型到: ./hessian_analysis/models/model_batch_127.pth
2025-05-06 20:39:37 INFO     Batch 127的Top-10特征值: [1092.3143310546875, 549.0286865234375, 477.9530029296875, 354.9587097167969, 238.57765197753906, 157.44223022460938, 109.71045684814453, 90.33451080322266, 91.92057037353516, 78.49150085449219]
2025-05-06 20:39:37 INFO     Batch 127的Trace: 5057.439914279514
2025-05-06 20:39:37 INFO     保存特征值和特征向量到: ./hessian_analysis/eigen_vectors/eigen_batch_127.npz
2025-05-06 20:39:37 INFO     --------------------------------
2025-05-06 20:39:37 INFO     计算Batch 128的Hessian特征值和特征向量
2025-05-06 20:39:37 INFO     保存模型到: ./hessian_analysis/models/model_batch_128.pth
2025-05-06 20:39:47 INFO     Batch 128的Top-10特征值: [1059.334716796875, 590.756591796875, 413.98260498046875, 369.23712158203125, 246.21730041503906, 184.5691680908203, 124.83035278320312, 97.37954711914062, 87.01919555664062, 82.7184066772461]
2025-05-06 20:39:47 INFO     Batch 128的Trace: 4749.85498046875
2025-05-06 20:39:47 INFO     保存特征值和特征向量到: ./hessian_analysis/eigen_vectors/eigen_batch_128.npz
2025-05-06 20:39:47 INFO     --------------------------------
2025-05-06 20:39:47 INFO     计算Batch 129的Hessian特征值和特征向量
2025-05-06 20:39:47 INFO     保存模型到: ./hessian_analysis/models/model_batch_129.pth
2025-05-06 20:39:59 INFO     Batch 129的Top-10特征值: [1010.6707153320312, 692.5641479492188, 366.6187438964844, 482.925537109375, 204.52024841308594, 176.09133911132812, 121.18810272216797, 94.54273223876953, 85.13899993896484, 69.44092559814453]
2025-05-06 20:39:59 INFO     Batch 129的Trace: 5557.695728443287
2025-05-06 20:39:59 INFO     保存特征值和特征向量到: ./hessian_analysis/eigen_vectors/eigen_batch_129.npz
2025-05-06 20:39:59 INFO     --------------------------------
2025-05-06 20:39:59 INFO     Train Epoch: 2 [50/79] Loss: 1.2126 Accuracy: 59.38%
2025-05-06 20:39:59 INFO     计算Batch 130的Hessian特征值和特征向量
2025-05-06 20:39:59 INFO     保存模型到: ./hessian_analysis/models/model_batch_130.pth
2025-05-06 20:40:13 INFO     Batch 130的Top-10特征值: [931.2481079101562, 805.29541015625, 452.1692199707031, 290.45733642578125, 207.5096435546875, 171.0146484375, 140.19131469726562, 138.74319458007812, 103.81563568115234, 96.02705383300781]
2025-05-06 20:40:13 INFO     Batch 130的Trace: 5287.8993577223555
2025-05-06 20:40:13 INFO     保存特征值和特征向量到: ./hessian_analysis/eigen_vectors/eigen_batch_130.npz
2025-05-06 20:40:13 INFO     --------------------------------
2025-05-06 20:40:13 INFO     计算Batch 131的Hessian特征值和特征向量
2025-05-06 20:40:13 INFO     保存模型到: ./hessian_analysis/models/model_batch_131.pth
2025-05-06 20:40:26 INFO     Batch 131的Top-10特征值: [990.071044921875, 647.5010986328125, 413.9269104003906, 282.73858642578125, 191.9813690185547, 159.50106811523438, 121.3960189819336, 87.68833923339844, 75.47721862792969, 63.93302536010742]
2025-05-06 20:40:26 INFO     Batch 131的Trace: 5193.989214085821
2025-05-06 20:40:26 INFO     保存特征值和特征向量到: ./hessian_analysis/eigen_vectors/eigen_batch_131.npz
2025-05-06 20:40:26 INFO     --------------------------------
2025-05-06 20:40:26 INFO     计算Batch 132的Hessian特征值和特征向量
2025-05-06 20:40:26 INFO     保存模型到: ./hessian_analysis/models/model_batch_132.pth
2025-05-06 20:40:39 INFO     Batch 132的Top-10特征值: [887.8685913085938, 425.880859375, 433.63470458984375, 352.8641662597656, 212.68994140625, 153.77032470703125, 113.16940307617188, 102.6958999633789, 79.22824096679688, 72.48035430908203]
2025-05-06 20:40:39 INFO     Batch 132的Trace: 4339.11279296875
2025-05-06 20:40:39 INFO     保存特征值和特征向量到: ./hessian_analysis/eigen_vectors/eigen_batch_132.npz
2025-05-06 20:40:39 INFO     --------------------------------
2025-05-06 20:40:39 INFO     计算Batch 133的Hessian特征值和特征向量
2025-05-06 20:40:39 INFO     保存模型到: ./hessian_analysis/models/model_batch_133.pth
2025-05-06 20:40:52 INFO     Batch 133的Top-10特征值: [988.3076171875, 566.3844604492188, 420.6497497558594, 347.4163818359375, 188.68707275390625, 169.70912170410156, 136.3004913330078, 91.77029418945312, 87.23397827148438, 74.13214111328125]
2025-05-06 20:40:52 INFO     Batch 133的Trace: 5010.686193517737
2025-05-06 20:40:52 INFO     保存特征值和特征向量到: ./hessian_analysis/eigen_vectors/eigen_batch_133.npz
2025-05-06 20:40:52 INFO     --------------------------------
2025-05-06 20:40:52 INFO     计算Batch 134的Hessian特征值和特征向量
2025-05-06 20:40:52 INFO     保存模型到: ./hessian_analysis/models/model_batch_134.pth
2025-05-06 20:41:05 INFO     Batch 134的Top-10特征值: [934.0582275390625, 621.7255859375, 518.0519409179688, 414.2001647949219, 217.834716796875, 193.7004852294922, 147.3647003173828, 87.7750015258789, 86.02993774414062, 80.9794921875]
2025-05-06 20:41:05 INFO     Batch 134的Trace: 5097.1671484375
2025-05-06 20:41:05 INFO     保存特征值和特征向量到: ./hessian_analysis/eigen_vectors/eigen_batch_134.npz
2025-05-06 20:41:05 INFO     --------------------------------
2025-05-06 20:41:05 INFO     计算Batch 135的Hessian特征值和特征向量
2025-05-06 20:41:05 INFO     保存模型到: ./hessian_analysis/models/model_batch_135.pth
2025-05-06 20:41:19 INFO     Batch 135的Top-10特征值: [962.4850463867188, 829.3689575195312, 502.67681884765625, 433.6949462890625, 229.0617218017578, 196.3396759033203, 143.55650329589844, 101.8222885131836, 87.64065551757812, 79.68863677978516]
2025-05-06 20:41:19 INFO     Batch 135的Trace: 5853.551429966518
2025-05-06 20:41:19 INFO     保存特征值和特征向量到: ./hessian_analysis/eigen_vectors/eigen_batch_135.npz
2025-05-06 20:41:19 INFO     --------------------------------
2025-05-06 20:41:19 INFO     计算Batch 136的Hessian特征值和特征向量
2025-05-06 20:41:19 INFO     保存模型到: ./hessian_analysis/models/model_batch_136.pth
2025-05-06 20:41:33 INFO     Batch 136的Top-10特征值: [907.3814697265625, 797.7362060546875, 474.60699462890625, 371.7310485839844, 228.47463989257812, 171.72654724121094, 140.2974090576172, 119.14986419677734, 93.08002471923828, 94.18763732910156]
2025-05-06 20:41:33 INFO     Batch 136的Trace: 5097.4588179154825
2025-05-06 20:41:33 INFO     保存特征值和特征向量到: ./hessian_analysis/eigen_vectors/eigen_batch_136.npz
2025-05-06 20:41:33 INFO     --------------------------------
2025-05-06 20:41:33 INFO     计算Batch 137的Hessian特征值和特征向量
2025-05-06 20:41:33 INFO     保存模型到: ./hessian_analysis/models/model_batch_137.pth
2025-05-06 20:41:44 INFO     Batch 137的Top-10特征值: [912.0069580078125, 780.9633178710938, 489.8001708984375, 415.27337646484375, 266.7368469238281, 167.87808227539062, 152.43701171875, 113.28101348876953, 101.61909484863281, 81.96839141845703]
2025-05-06 20:41:44 INFO     Batch 137的Trace: 6736.35087890625
2025-05-06 20:41:44 INFO     保存特征值和特征向量到: ./hessian_analysis/eigen_vectors/eigen_batch_137.npz
2025-05-06 20:41:44 INFO     --------------------------------
2025-05-06 20:41:44 INFO     计算Batch 138的Hessian特征值和特征向量
2025-05-06 20:41:44 INFO     保存模型到: ./hessian_analysis/models/model_batch_138.pth
2025-05-06 20:41:57 INFO     Batch 138的Top-10特征值: [868.6522216796875, 614.8292236328125, 496.52783203125, 359.6500244140625, 239.06118774414062, 171.66299438476562, 156.1093292236328, 97.73979949951172, 95.24896240234375, 88.02913665771484]
2025-05-06 20:41:57 INFO     Batch 138的Trace: 5615.626274956598
2025-05-06 20:41:57 INFO     保存特征值和特征向量到: ./hessian_analysis/eigen_vectors/eigen_batch_138.npz
2025-05-06 20:41:57 INFO     --------------------------------
2025-05-06 20:41:57 INFO     计算Batch 139的Hessian特征值和特征向量
2025-05-06 20:41:57 INFO     保存模型到: ./hessian_analysis/models/model_batch_139.pth
2025-05-06 20:42:10 INFO     Batch 139的Top-10特征值: [841.4451293945312, 592.6651611328125, 456.1761169433594, 348.3104248046875, 199.25360107421875, 162.89532470703125, 138.47763061523438, 99.9016342163086, 88.70986938476562, 74.44515228271484]
2025-05-06 20:42:10 INFO     Batch 139的Trace: 5028.370554070723
2025-05-06 20:42:10 INFO     保存特征值和特征向量到: ./hessian_analysis/eigen_vectors/eigen_batch_139.npz
2025-05-06 20:42:10 INFO     --------------------------------
2025-05-06 20:42:10 INFO     Train Epoch: 2 [60/79] Loss: 0.9202 Accuracy: 64.84%
2025-05-06 20:42:10 INFO     计算Batch 140的Hessian特征值和特征向量
2025-05-06 20:42:10 INFO     保存模型到: ./hessian_analysis/models/model_batch_140.pth
2025-05-06 20:42:23 INFO     Batch 140的Top-10特征值: [822.4105224609375, 648.880859375, 508.6341857910156, 306.47930908203125, 211.893798828125, 179.17605590820312, 155.085693359375, 104.92994689941406, 96.63162994384766, 85.5783920288086]
2025-05-06 20:42:23 INFO     Batch 140的Trace: 5248.313120524089
2025-05-06 20:42:23 INFO     保存特征值和特征向量到: ./hessian_analysis/eigen_vectors/eigen_batch_140.npz
2025-05-06 20:42:23 INFO     --------------------------------
2025-05-06 20:42:23 INFO     计算Batch 141的Hessian特征值和特征向量
2025-05-06 20:42:23 INFO     保存模型到: ./hessian_analysis/models/model_batch_141.pth
2025-05-06 20:42:35 INFO     Batch 141的Top-10特征值: [880.1564331054688, 774.4652709960938, 437.0594177246094, 411.25579833984375, 231.11669921875, 194.8567657470703, 171.9080047607422, 114.07173156738281, 97.9978256225586, 88.18441772460938]
2025-05-06 20:42:35 INFO     Batch 141的Trace: 5563.075168185764
2025-05-06 20:42:35 INFO     保存特征值和特征向量到: ./hessian_analysis/eigen_vectors/eigen_batch_141.npz
2025-05-06 20:42:35 INFO     --------------------------------
2025-05-06 20:42:35 INFO     计算Batch 142的Hessian特征值和特征向量
2025-05-06 20:42:35 INFO     保存模型到: ./hessian_analysis/models/model_batch_142.pth
2025-05-06 20:42:46 INFO     Batch 142的Top-10特征值: [783.8099975585938, 649.0228271484375, 436.1062927246094, 363.7503662109375, 261.4798583984375, 188.1363983154297, 128.6857147216797, 124.84184265136719, 96.1615219116211, 74.79247283935547]
2025-05-06 20:42:46 INFO     Batch 142的Trace: 5055.259548611111
2025-05-06 20:42:46 INFO     保存特征值和特征向量到: ./hessian_analysis/eigen_vectors/eigen_batch_142.npz
2025-05-06 20:42:46 INFO     --------------------------------
2025-05-06 20:42:46 INFO     计算Batch 143的Hessian特征值和特征向量
2025-05-06 20:42:46 INFO     保存模型到: ./hessian_analysis/models/model_batch_143.pth
2025-05-06 20:42:58 INFO     Batch 143的Top-10特征值: [831.7021484375, 760.12890625, 438.5419921875, 355.0191650390625, 295.312744140625, 164.85890197753906, 154.18702697753906, 116.13124084472656, 108.21795654296875, 93.7853775024414]
2025-05-06 20:42:58 INFO     Batch 143的Trace: 6113.067047119141
2025-05-06 20:42:58 INFO     保存特征值和特征向量到: ./hessian_analysis/eigen_vectors/eigen_batch_143.npz
2025-05-06 20:42:58 INFO     --------------------------------
2025-05-06 20:42:58 INFO     计算Batch 144的Hessian特征值和特征向量
2025-05-06 20:42:58 INFO     保存模型到: ./hessian_analysis/models/model_batch_144.pth
2025-05-06 20:43:14 INFO     Batch 144的Top-10特征值: [910.740478515625, 749.6175537109375, 410.3847961425781, 393.20648193359375, 325.6580810546875, 249.2487030029297, 171.8380889892578, 119.98385620117188, 119.05952453613281, 101.61479187011719]
2025-05-06 20:43:14 INFO     Batch 144的Trace: 6993.677510579427
2025-05-06 20:43:14 INFO     保存特征值和特征向量到: ./hessian_analysis/eigen_vectors/eigen_batch_144.npz
2025-05-06 20:43:14 INFO     --------------------------------
2025-05-06 20:43:14 INFO     计算Batch 145的Hessian特征值和特征向量
2025-05-06 20:43:14 INFO     保存模型到: ./hessian_analysis/models/model_batch_145.pth
2025-05-06 20:43:28 INFO     Batch 145的Top-10特征值: [991.749267578125, 623.3554077148438, 509.4833068847656, 311.53961181640625, 371.2716064453125, 253.37945556640625, 175.41444396972656, 123.19645690917969, 120.32353210449219, 108.0733642578125]
2025-05-06 20:43:28 INFO     Batch 145的Trace: 6759.255362955729
2025-05-06 20:43:28 INFO     保存特征值和特征向量到: ./hessian_analysis/eigen_vectors/eigen_batch_145.npz
2025-05-06 20:43:28 INFO     --------------------------------
2025-05-06 20:43:28 INFO     计算Batch 146的Hessian特征值和特征向量
2025-05-06 20:43:28 INFO     保存模型到: ./hessian_analysis/models/model_batch_146.pth
2025-05-06 20:43:42 INFO     Batch 146的Top-10特征值: [884.7119140625, 553.1435546875, 439.89288330078125, 337.7615051269531, 299.412841796875, 251.62078857421875, 171.62265014648438, 120.69835662841797, 96.43523406982422, 100.03477478027344]
2025-05-06 20:43:42 INFO     Batch 146的Trace: 6224.226507568359
2025-05-06 20:43:42 INFO     保存特征值和特征向量到: ./hessian_analysis/eigen_vectors/eigen_batch_146.npz
2025-05-06 20:43:42 INFO     --------------------------------
2025-05-06 20:43:42 INFO     计算Batch 147的Hessian特征值和特征向量
2025-05-06 20:43:42 INFO     保存模型到: ./hessian_analysis/models/model_batch_147.pth
2025-05-06 20:43:56 INFO     Batch 147的Top-10特征值: [788.62158203125, 505.643798828125, 427.2554931640625, 359.40631103515625, 338.7076721191406, 251.2827911376953, 152.41122436523438, 113.63697814941406, 94.64359283447266, 100.95570373535156]
2025-05-06 20:43:56 INFO     Batch 147的Trace: 5865.423029119318
2025-05-06 20:43:56 INFO     保存特征值和特征向量到: ./hessian_analysis/eigen_vectors/eigen_batch_147.npz
2025-05-06 20:43:56 INFO     --------------------------------
2025-05-06 20:43:56 INFO     计算Batch 148的Hessian特征值和特征向量
2025-05-06 20:43:56 INFO     保存模型到: ./hessian_analysis/models/model_batch_148.pth
2025-05-06 20:44:12 INFO     Batch 148的Top-10特征值: [833.7805786132812, 530.7405395507812, 413.29815673828125, 355.6653747558594, 291.4159851074219, 201.13543701171875, 133.8643798828125, 110.08650207519531, 100.79669952392578, 90.9605712890625]
2025-05-06 20:44:12 INFO     Batch 148的Trace: 5803.604387555803
2025-05-06 20:44:12 INFO     保存特征值和特征向量到: ./hessian_analysis/eigen_vectors/eigen_batch_148.npz
2025-05-06 20:44:12 INFO     --------------------------------
2025-05-06 20:44:12 INFO     计算Batch 149的Hessian特征值和特征向量
2025-05-06 20:44:12 INFO     保存模型到: ./hessian_analysis/models/model_batch_149.pth
2025-05-06 20:44:23 INFO     Batch 149的Top-10特征值: [807.8076782226562, 585.1102294921875, 454.6303405761719, 379.4259338378906, 302.5890808105469, 256.960693359375, 175.94778442382812, 151.4222869873047, 128.8701171875, 99.51470184326172]
2025-05-06 20:44:23 INFO     Batch 149的Trace: 6065.801242404514
2025-05-06 20:44:23 INFO     保存特征值和特征向量到: ./hessian_analysis/eigen_vectors/eigen_batch_149.npz
2025-05-06 20:44:23 INFO     --------------------------------
2025-05-06 20:44:23 INFO     Train Epoch: 2 [70/79] Loss: 1.1411 Accuracy: 58.59%
2025-05-06 20:44:23 INFO     计算Batch 150的Hessian特征值和特征向量
2025-05-06 20:44:23 INFO     保存模型到: ./hessian_analysis/models/model_batch_150.pth
2025-05-06 20:44:34 INFO     Batch 150的Top-10特征值: [820.1724853515625, 595.1906127929688, 436.4993896484375, 319.65240478515625, 245.06857299804688, 181.87295532226562, 149.4609832763672, 141.5375518798828, 97.24529266357422, 103.99794006347656]
2025-05-06 20:44:34 INFO     Batch 150的Trace: 5622.913796164773
2025-05-06 20:44:34 INFO     保存特征值和特征向量到: ./hessian_analysis/eigen_vectors/eigen_batch_150.npz
2025-05-06 20:44:34 INFO     --------------------------------
2025-05-06 20:44:34 INFO     计算Batch 151的Hessian特征值和特征向量
2025-05-06 20:44:34 INFO     保存模型到: ./hessian_analysis/models/model_batch_151.pth
2025-05-06 20:44:49 INFO     Batch 151的Top-10特征值: [803.5667724609375, 597.9004516601562, 438.9320068359375, 324.49395751953125, 284.2834167480469, 160.3537139892578, 151.91566467285156, 127.90923309326172, 118.83297729492188, 100.81571197509766]
2025-05-06 20:44:49 INFO     Batch 151的Trace: 5858.568152225379
2025-05-06 20:44:49 INFO     保存特征值和特征向量到: ./hessian_analysis/eigen_vectors/eigen_batch_151.npz
2025-05-06 20:44:49 INFO     --------------------------------
2025-05-06 20:44:49 INFO     计算Batch 152的Hessian特征值和特征向量
2025-05-06 20:44:49 INFO     保存模型到: ./hessian_analysis/models/model_batch_152.pth
2025-05-06 20:45:01 INFO     Batch 152的Top-10特征值: [867.38916015625, 632.9950561523438, 482.9287414550781, 374.38702392578125, 297.1950988769531, 223.78158569335938, 180.68106079101562, 135.00875854492188, 120.44988250732422, 104.35201263427734]
2025-05-06 20:45:01 INFO     Batch 152的Trace: 5598.214453125
2025-05-06 20:45:01 INFO     保存特征值和特征向量到: ./hessian_analysis/eigen_vectors/eigen_batch_152.npz
2025-05-06 20:45:01 INFO     --------------------------------
2025-05-06 20:45:01 INFO     计算Batch 153的Hessian特征值和特征向量
2025-05-06 20:45:01 INFO     保存模型到: ./hessian_analysis/models/model_batch_153.pth
2025-05-06 20:45:16 INFO     Batch 153的Top-10特征值: [652.1404418945312, 501.1389465332031, 402.16693115234375, 295.099365234375, 261.48822021484375, 223.40223693847656, 173.20428466796875, 124.49336242675781, 121.4615707397461, 108.3160171508789]
2025-05-06 20:45:16 INFO     Batch 153的Trace: 5046.861459127286
2025-05-06 20:45:16 INFO     保存特征值和特征向量到: ./hessian_analysis/eigen_vectors/eigen_batch_153.npz
2025-05-06 20:45:16 INFO     --------------------------------
2025-05-06 20:45:16 INFO     计算Batch 154的Hessian特征值和特征向量
2025-05-06 20:45:16 INFO     保存模型到: ./hessian_analysis/models/model_batch_154.pth
2025-05-06 20:45:30 INFO     Batch 154的Top-10特征值: [664.2846069335938, 528.5797729492188, 388.6523742675781, 340.3298034667969, 264.5586853027344, 211.27786254882812, 168.52191162109375, 127.4268569946289, 118.92211151123047, 104.29840850830078]
2025-05-06 20:45:30 INFO     Batch 154的Trace: 5992.6339146205355
2025-05-06 20:45:30 INFO     保存特征值和特征向量到: ./hessian_analysis/eigen_vectors/eigen_batch_154.npz
2025-05-06 20:45:30 INFO     --------------------------------
2025-05-06 20:45:30 INFO     计算Batch 155的Hessian特征值和特征向量
2025-05-06 20:45:30 INFO     保存模型到: ./hessian_analysis/models/model_batch_155.pth
2025-05-06 20:45:43 INFO     Batch 155的Top-10特征值: [735.5128173828125, 524.7002563476562, 403.7895202636719, 312.0664978027344, 272.86480712890625, 216.5297088623047, 183.02386474609375, 137.8417510986328, 117.09332275390625, 108.08453369140625]
2025-05-06 20:45:43 INFO     Batch 155的Trace: 5396.610483398437
2025-05-06 20:45:43 INFO     保存特征值和特征向量到: ./hessian_analysis/eigen_vectors/eigen_batch_155.npz
2025-05-06 20:45:43 INFO     --------------------------------
2025-05-06 20:45:43 INFO     计算Batch 156的Hessian特征值和特征向量
2025-05-06 20:45:43 INFO     保存模型到: ./hessian_analysis/models/model_batch_156.pth
2025-05-06 20:45:57 INFO     Batch 156的Top-10特征值: [662.6970825195312, 547.7410278320312, 401.5166015625, 374.56805419921875, 311.70281982421875, 202.01937866210938, 179.3795928955078, 150.84324645996094, 136.2604522705078, 104.72713470458984]
2025-05-06 20:45:57 INFO     Batch 156的Trace: 6324.612654622396
2025-05-06 20:45:57 INFO     保存特征值和特征向量到: ./hessian_analysis/eigen_vectors/eigen_batch_156.npz
2025-05-06 20:45:57 INFO     --------------------------------
2025-05-06 20:45:57 INFO     计算Batch 157的Hessian特征值和特征向量
2025-05-06 20:45:57 INFO     保存模型到: ./hessian_analysis/models/model_batch_157.pth
2025-05-06 20:46:12 INFO     Batch 157的Top-10特征值: [672.760009765625, 568.8841552734375, 408.8828430175781, 342.8558654785156, 272.6300354003906, 196.5077667236328, 157.5425262451172, 140.9623565673828, 113.78431701660156, 99.85101318359375]
2025-05-06 20:46:12 INFO     Batch 157的Trace: 5784.403549194336
2025-05-06 20:46:12 INFO     保存特征值和特征向量到: ./hessian_analysis/eigen_vectors/eigen_batch_157.npz
2025-05-06 20:46:12 INFO     --------------------------------
2025-05-06 20:46:12 INFO     计算Batch 158的Hessian特征值和特征向量
2025-05-06 20:46:12 INFO     保存模型到: ./hessian_analysis/models/model_batch_158.pth
2025-05-06 20:46:32 INFO     Batch 158的Top-10特征值: [670.6637573242188, 528.689453125, 419.0372009277344, 311.287841796875, 281.6600036621094, 183.1232147216797, 176.4273681640625, 153.63534545898438, 139.02102661132812, 114.63833618164062]
2025-05-06 20:46:32 INFO     Batch 158的Trace: 5653.722930908203
2025-05-06 20:46:32 INFO     保存特征值和特征向量到: ./hessian_analysis/eigen_vectors/eigen_batch_158.npz
2025-05-06 20:46:32 INFO     --------------------------------
2025-05-06 20:46:32 INFO     Epoch 2 Average - Loss: 1.4214, Accuracy: 48.06%
2025-05-06 20:46:33 INFO     验证集 - Loss: 0.8064, Accuracy: 71.92%
2025-05-06 20:46:34 INFO     在微调后计算Hessian特征值和特征向量
2025-05-06 20:46:48 INFO     微调后的Top-10特征值: [630.6075439453125, 517.603759765625, 412.23016357421875, 345.46685791015625, 285.41851806640625, 189.0211944580078, 193.74818420410156, 136.9454345703125, 128.23626708984375, 111.4371566772461]
2025-05-06 20:46:48 INFO     微调后的Trace: 5333.629261016846
2025-05-06 20:46:48 INFO     保存最终模型到: ./hessian_analysis/models/model_final.pth
2025-05-06 20:46:48 INFO     对收集的特征向量进行PCA分析
2025-05-06 20:46:50 INFO     特征向量矩阵形状: (1600, 272474)
2025-05-06 20:46:57 INFO     PCA解释方差比例: [0.07315362 0.06127923 0.05420762 0.04799023 0.0440679  0.04055849
 0.03723069 0.03439282 0.02906723 0.02822292 0.02497413 0.02221396
 0.02037696 0.01914845 0.01766137 0.01715083 0.01585948 0.01397073
 0.01282874 0.0126017 ]
2025-05-06 20:46:57 INFO     累积解释方差: [0.07315362 0.13443285 0.18864047 0.2366307  0.2806986  0.32125709
 0.35848778 0.3928806  0.42194784 0.45017075 0.47514489 0.49735885
 0.51773581 0.53688426 0.55454563 0.57169645 0.58755593 0.60152666
 0.6143554  0.62695711]
2025-05-06 20:47:09 INFO     总运行时间: 2953.58 秒
2025-05-06 20:47:09 INFO     实验完成！
